[ 2017-09-30T04:27:36+08:00 ] 40.77.167.85 /ACM/official/lost_found/Home/Index/login
INFO: [ app_init ] --START--
INFO: Run Behavior\BuildLiteBehavior [ RunTime:0.000009s ]
INFO: [ app_init ] --END-- [ RunTime:0.000065s ]
INFO: [ app_begin ] --START--
INFO: Run Behavior\ReadHtmlCacheBehavior [ RunTime:0.000026s ]
INFO: [ app_begin ] --END-- [ RunTime:0.000047s ]
SQL: SHOW COLUMNS FROM `user` [ RunTime:0.0006s ]
SQL: SHOW COLUMNS FROM `user` [ RunTime:0.0003s ]
SQL: SELECT * FROM `user` WHERE `user_mobile` = null LIMIT 1   [ RunTime:0.0002s ]
INFO: [ view_parse ] --START--
INFO: [ template_filter ] --START--
INFO: Run Behavior\ContentReplaceBehavior [ RunTime:0.000039s ]
INFO: [ template_filter ] --END-- [ RunTime:0.000060s ]
INFO: Run Behavior\ParseTemplateBehavior [ RunTime:0.001194s ]
INFO: [ view_parse ] --END-- [ RunTime:0.001217s ]
INFO: [ view_filter ] --START--
INFO: Run Behavior\WriteHtmlCacheBehavior [ RunTime:0.000030s ]
INFO: [ view_filter ] --END-- [ RunTime:0.000044s ]
INFO: [ app_end ] --START--
INFO: Run Behavior\ShowPageTraceBehavior [ RunTime:0.000025s ]
INFO: [ app_end ] --END-- [ RunTime:0.000040s ]

[ 2017-09-30T19:00:11+08:00 ] 106.11.158.148 /ACM/official/lost_found/Home/Index/login
INFO: [ app_init ] --START--
INFO: Run Behavior\BuildLiteBehavior [ RunTime:0.000012s ]
INFO: [ app_init ] --END-- [ RunTime:0.001866s ]
INFO: [ app_begin ] --START--
INFO: Run Behavior\ReadHtmlCacheBehavior [ RunTime:0.001423s ]
INFO: [ app_begin ] --END-- [ RunTime:0.001451s ]
SQL: SHOW COLUMNS FROM `user` [ RunTime:0.0006s ]
SQL: SHOW COLUMNS FROM `user` [ RunTime:0.0004s ]
SQL: SELECT * FROM `user` WHERE `user_mobile` = null LIMIT 1   [ RunTime:0.0002s ]
INFO: [ view_parse ] --START--
INFO: [ template_filter ] --START--
INFO: Run Behavior\ContentReplaceBehavior [ RunTime:0.000044s ]
INFO: [ template_filter ] --END-- [ RunTime:0.000071s ]
INFO: Run Behavior\ParseTemplateBehavior [ RunTime:0.018200s ]
INFO: [ view_parse ] --END-- [ RunTime:0.018224s ]
INFO: [ view_filter ] --START--
INFO: Run Behavior\WriteHtmlCacheBehavior [ RunTime:0.003197s ]
INFO: [ view_filter ] --END-- [ RunTime:0.003219s ]
INFO: [ app_end ] --START--
INFO: Run Behavior\ShowPageTraceBehavior [ RunTime:0.005003s ]
INFO: [ app_end ] --END-- [ RunTime:0.005026s ]

