[ 2017-04-25T12:33:19+08:00 ] ::1 /campus/index.php
INFO: [ app_init ] --START--
INFO: Run Behavior\BuildLiteBehavior [ RunTime:0.000019s ]
INFO: [ app_init ] --END-- [ RunTime:0.000132s ]
INFO: [ app_begin ] --START--
INFO: Run Behavior\ReadHtmlCacheBehavior [ RunTime:0.001246s ]
INFO: [ app_begin ] --END-- [ RunTime:0.001315s ]
INFO: [ view_parse ] --START--
INFO: [ template_filter ] --START--
INFO: Run Behavior\ContentReplaceBehavior [ RunTime:0.000055s ]
INFO: [ template_filter ] --END-- [ RunTime:0.000117s ]
INFO: Run Behavior\ParseTemplateBehavior [ RunTime:0.011051s ]
INFO: [ view_parse ] --END-- [ RunTime:0.011132s ]
INFO: [ view_filter ] --START--
INFO: Run Behavior\WriteHtmlCacheBehavior [ RunTime:0.000650s ]
INFO: [ view_filter ] --END-- [ RunTime:0.000696s ]
INFO: [ app_end ] --START--
INFO: Run Behavior\ShowPageTraceBehavior [ RunTime:0.000818s ]
INFO: [ app_end ] --END-- [ RunTime:0.000861s ]

[ 2017-04-25T12:33:26+08:00 ] ::1 /campus/index.php
INFO: [ app_init ] --START--
INFO: Run Behavior\BuildLiteBehavior [ RunTime:0.000018s ]
INFO: [ app_init ] --END-- [ RunTime:0.000960s ]
INFO: [ app_begin ] --START--
INFO: Run Behavior\ReadHtmlCacheBehavior [ RunTime:0.001032s ]
INFO: [ app_begin ] --END-- [ RunTime:0.001118s ]
INFO: [ view_parse ] --START--
INFO: Run Behavior\ParseTemplateBehavior [ RunTime:0.000500s ]
INFO: [ view_parse ] --END-- [ RunTime:0.000568s ]
INFO: [ view_filter ] --START--
INFO: Run Behavior\WriteHtmlCacheBehavior [ RunTime:0.000439s ]
INFO: [ view_filter ] --END-- [ RunTime:0.000493s ]
INFO: [ app_end ] --START--
INFO: Run Behavior\ShowPageTraceBehavior [ RunTime:0.000826s ]
INFO: [ app_end ] --END-- [ RunTime:0.000872s ]

[ 2017-04-25T13:27:33+08:00 ] ::1 /campus/index.php/Home/user/sendCode
INFO: [ app_init ] --START--
INFO: Run Behavior\BuildLiteBehavior [ RunTime:0.000024s ]
INFO: [ app_init ] --END-- [ RunTime:0.001470s ]
INFO: [ app_begin ] --START--
INFO: Run Behavior\ReadHtmlCacheBehavior [ RunTime:0.001600s ]
INFO: [ app_begin ] --END-- [ RunTime:0.001665s ]
NOTIC: [2] Missing argument 1 for AlibabaAliqinFcSmsNumSendRequest::setExtend(), called in D:\phpStudy\WWW\campus\Home\Controller\UserController.class.php on line 14 and defined D:\phpStudy\WWW\ThinkPHP\Library\Vendor\Alidayu\top\request\AlibabaAliqinFcSmsNumSendRequest.php 第 42 行.
NOTIC: [8] Undefined variable: extend D:\phpStudy\WWW\ThinkPHP\Library\Vendor\Alidayu\top\request\AlibabaAliqinFcSmsNumSendRequest.php 第 44 行.
NOTIC: [8] Undefined variable: extend D:\phpStudy\WWW\ThinkPHP\Library\Vendor\Alidayu\top\request\AlibabaAliqinFcSmsNumSendRequest.php 第 45 行.
INFO: [ app_end ] --START--
INFO: Run Behavior\ShowPageTraceBehavior [ RunTime:0.001535s ]
INFO: [ app_end ] --END-- [ RunTime:0.001633s ]

[ 2017-04-25T13:27:33+08:00 ] ::1 /campus/index.php/Home/user/sendCode
INFO: [ app_init ] --START--
INFO: Run Behavior\BuildLiteBehavior [ RunTime:0.000012s ]
INFO: [ app_init ] --END-- [ RunTime:0.000871s ]
INFO: [ app_begin ] --START--
INFO: Run Behavior\ReadHtmlCacheBehavior [ RunTime:0.001175s ]
INFO: [ app_begin ] --END-- [ RunTime:0.001248s ]
NOTIC: [2] Missing argument 1 for AlibabaAliqinFcSmsNumSendRequest::setExtend(), called in D:\phpStudy\WWW\campus\Home\Controller\UserController.class.php on line 14 and defined D:\phpStudy\WWW\ThinkPHP\Library\Vendor\Alidayu\top\request\AlibabaAliqinFcSmsNumSendRequest.php 第 42 行.
NOTIC: [8] Undefined variable: extend D:\phpStudy\WWW\ThinkPHP\Library\Vendor\Alidayu\top\request\AlibabaAliqinFcSmsNumSendRequest.php 第 44 行.
NOTIC: [8] Undefined variable: extend D:\phpStudy\WWW\ThinkPHP\Library\Vendor\Alidayu\top\request\AlibabaAliqinFcSmsNumSendRequest.php 第 45 行.
INFO: [ app_end ] --START--
INFO: Run Behavior\ShowPageTraceBehavior [ RunTime:0.001387s ]
INFO: [ app_end ] --END-- [ RunTime:0.001496s ]

[ 2017-04-25T13:27:39+08:00 ] ::1 /campus/index.php/Home/user/sendCode
INFO: [ app_init ] --START--
INFO: Run Behavior\BuildLiteBehavior [ RunTime:0.000015s ]
INFO: [ app_init ] --END-- [ RunTime:0.001131s ]
INFO: [ app_begin ] --START--
INFO: Run Behavior\ReadHtmlCacheBehavior [ RunTime:0.001211s ]
INFO: [ app_begin ] --END-- [ RunTime:0.001284s ]
NOTIC: [2] Missing argument 1 for AlibabaAliqinFcSmsNumSendRequest::setExtend(), called in D:\phpStudy\WWW\campus\Home\Controller\UserController.class.php on line 14 and defined D:\phpStudy\WWW\ThinkPHP\Library\Vendor\Alidayu\top\request\AlibabaAliqinFcSmsNumSendRequest.php 第 42 行.
NOTIC: [8] Undefined variable: extend D:\phpStudy\WWW\ThinkPHP\Library\Vendor\Alidayu\top\request\AlibabaAliqinFcSmsNumSendRequest.php 第 44 行.
NOTIC: [8] Undefined variable: extend D:\phpStudy\WWW\ThinkPHP\Library\Vendor\Alidayu\top\request\AlibabaAliqinFcSmsNumSendRequest.php 第 45 行.
INFO: [ app_end ] --START--
INFO: Run Behavior\ShowPageTraceBehavior [ RunTime:0.001255s ]
INFO: [ app_end ] --END-- [ RunTime:0.001337s ]

[ 2017-04-25T13:30:09+08:00 ] ::1 /campus/index.php/Home/user/sendCode
INFO: [ app_init ] --START--
INFO: Run Behavior\BuildLiteBehavior [ RunTime:0.000019s ]
INFO: [ app_init ] --END-- [ RunTime:0.001375s ]
INFO: [ app_begin ] --START--
INFO: Run Behavior\ReadHtmlCacheBehavior [ RunTime:0.001413s ]
INFO: [ app_begin ] --END-- [ RunTime:0.001483s ]
NOTIC: [2] Missing argument 1 for AlibabaAliqinFcSmsNumSendRequest::setExtend(), called in D:\phpStudy\WWW\campus\Home\Controller\UserController.class.php on line 14 and defined D:\phpStudy\WWW\ThinkPHP\Library\Vendor\Alidayu\top\request\AlibabaAliqinFcSmsNumSendRequest.php 第 42 行.
NOTIC: [8] Undefined variable: extend D:\phpStudy\WWW\ThinkPHP\Library\Vendor\Alidayu\top\request\AlibabaAliqinFcSmsNumSendRequest.php 第 44 行.
NOTIC: [8] Undefined variable: extend D:\phpStudy\WWW\ThinkPHP\Library\Vendor\Alidayu\top\request\AlibabaAliqinFcSmsNumSendRequest.php 第 45 行.
INFO: [ app_end ] --START--
INFO: Run Behavior\ShowPageTraceBehavior [ RunTime:0.001667s ]
INFO: [ app_end ] --END-- [ RunTime:0.001764s ]

[ 2017-04-25T17:12:15+08:00 ] ::1 /campus/index.php/Home/user/sendCode
INFO: [ app_init ] --START--
INFO: Run Behavior\BuildLiteBehavior [ RunTime:0.000019s ]
INFO: [ app_init ] --END-- [ RunTime:0.000746s ]
INFO: [ app_begin ] --START--
INFO: Run Behavior\ReadHtmlCacheBehavior [ RunTime:0.000965s ]
INFO: [ app_begin ] --END-- [ RunTime:0.001034s ]
NOTIC: [8] Use of undefined constant VENDOR_DIR - assumed 'VENDOR_DIR' D:\phpStudy\WWW\campus\Home\Controller\UserController.class.php 第 7 行.
NOTIC: [2] include(VENDOR_DIR/alidayu/TopSdk.php): failed to open stream: No such file or directory D:\phpStudy\WWW\campus\Home\Controller\UserController.class.php 第 7 行.
NOTIC: [2] include(): Failed opening 'VENDOR_DIR/alidayu/TopSdk.php' for inclusion (include_path='.;C:\php\pear') D:\phpStudy\WWW\campus\Home\Controller\UserController.class.php 第 7 行.
ERR: Class 'TopClient' not found

[ 2017-04-25T17:12:52+08:00 ] ::1 /campus/index.php/Home/user/sendCode
INFO: [ app_init ] --START--
INFO: Run Behavior\BuildLiteBehavior [ RunTime:0.000013s ]
INFO: [ app_init ] --END-- [ RunTime:0.000560s ]
INFO: [ app_begin ] --START--
INFO: Run Behavior\ReadHtmlCacheBehavior [ RunTime:0.001149s ]
INFO: [ app_begin ] --END-- [ RunTime:0.001308s ]
NOTIC: [8] Use of undefined constant VENDOR_DIR - assumed 'VENDOR_DIR' D:\phpStudy\WWW\campus\Home\Controller\UserController.class.php 第 7 行.
NOTIC: [2] include(VENDOR_DIR/alidayu/TopSdk.php): failed to open stream: No such file or directory D:\phpStudy\WWW\campus\Home\Controller\UserController.class.php 第 7 行.
NOTIC: [2] include(): Failed opening 'VENDOR_DIR/alidayu/TopSdk.php' for inclusion (include_path='.;C:\php\pear') D:\phpStudy\WWW\campus\Home\Controller\UserController.class.php 第 7 行.
ERR: Class 'Home\Controller\TopClient' not found

[ 2017-04-25T17:13:35+08:00 ] ::1 /campus/index.php/Home/user/sendCode
INFO: [ app_init ] --START--
INFO: Run Behavior\BuildLiteBehavior [ RunTime:0.000012s ]
INFO: [ app_init ] --END-- [ RunTime:0.000543s ]
INFO: [ app_begin ] --START--
INFO: Run Behavior\ReadHtmlCacheBehavior [ RunTime:0.000741s ]
INFO: [ app_begin ] --END-- [ RunTime:0.000788s ]
ERR: syntax error, unexpected '/'

[ 2017-04-25T17:13:56+08:00 ] ::1 /campus/index.php/Home/user/sendCode
INFO: [ app_init ] --START--
INFO: Run Behavior\BuildLiteBehavior [ RunTime:0.000015s ]
INFO: [ app_init ] --END-- [ RunTime:0.000706s ]
INFO: [ app_begin ] --START--
INFO: Run Behavior\ReadHtmlCacheBehavior [ RunTime:0.000784s ]
INFO: [ app_begin ] --END-- [ RunTime:0.000843s ]
NOTIC: [2] Missing argument 1 for AlibabaAliqinFcSmsNumSendRequest::setExtend(), called in D:\phpStudy\WWW\campus\Home\Controller\UserController.class.php on line 15 and defined D:\phpStudy\WWW\ThinkPHP\Library\Vendor\Alidayu\top\request\AlibabaAliqinFcSmsNumSendRequest.php 第 42 行.
NOTIC: [8] Undefined variable: extend D:\phpStudy\WWW\ThinkPHP\Library\Vendor\Alidayu\top\request\AlibabaAliqinFcSmsNumSendRequest.php 第 44 行.
NOTIC: [8] Undefined variable: extend D:\phpStudy\WWW\ThinkPHP\Library\Vendor\Alidayu\top\request\AlibabaAliqinFcSmsNumSendRequest.php 第 45 行.
INFO: [ app_end ] --START--
INFO: Run Behavior\ShowPageTraceBehavior [ RunTime:0.001546s ]
INFO: [ app_end ] --END-- [ RunTime:0.001721s ]

[ 2017-04-25T17:13:56+08:00 ] ::1 /campus/index.php/Home/user/sendCode
INFO: [ app_init ] --START--
INFO: Run Behavior\BuildLiteBehavior [ RunTime:0.000013s ]
INFO: [ app_init ] --END-- [ RunTime:0.000635s ]
INFO: [ app_begin ] --START--
INFO: Run Behavior\ReadHtmlCacheBehavior [ RunTime:0.000652s ]
INFO: [ app_begin ] --END-- [ RunTime:0.000700s ]
NOTIC: [2] Missing argument 1 for AlibabaAliqinFcSmsNumSendRequest::setExtend(), called in D:\phpStudy\WWW\campus\Home\Controller\UserController.class.php on line 15 and defined D:\phpStudy\WWW\ThinkPHP\Library\Vendor\Alidayu\top\request\AlibabaAliqinFcSmsNumSendRequest.php 第 42 行.
NOTIC: [8] Undefined variable: extend D:\phpStudy\WWW\ThinkPHP\Library\Vendor\Alidayu\top\request\AlibabaAliqinFcSmsNumSendRequest.php 第 44 行.
NOTIC: [8] Undefined variable: extend D:\phpStudy\WWW\ThinkPHP\Library\Vendor\Alidayu\top\request\AlibabaAliqinFcSmsNumSendRequest.php 第 45 行.
INFO: [ app_end ] --START--
INFO: Run Behavior\ShowPageTraceBehavior [ RunTime:0.000724s ]
INFO: [ app_end ] --END-- [ RunTime:0.000808s ]

[ 2017-04-25T17:14:05+08:00 ] ::1 /campus/index.php/Home/user/sendCode
INFO: [ app_init ] --START--
INFO: Run Behavior\BuildLiteBehavior [ RunTime:0.000015s ]
INFO: [ app_init ] --END-- [ RunTime:0.000643s ]
INFO: [ app_begin ] --START--
INFO: Run Behavior\ReadHtmlCacheBehavior [ RunTime:0.000770s ]
INFO: [ app_begin ] --END-- [ RunTime:0.000829s ]
NOTIC: [2] Missing argument 1 for AlibabaAliqinFcSmsNumSendRequest::setExtend(), called in D:\phpStudy\WWW\campus\Home\Controller\UserController.class.php on line 15 and defined D:\phpStudy\WWW\ThinkPHP\Library\Vendor\Alidayu\top\request\AlibabaAliqinFcSmsNumSendRequest.php 第 42 行.
NOTIC: [8] Undefined variable: extend D:\phpStudy\WWW\ThinkPHP\Library\Vendor\Alidayu\top\request\AlibabaAliqinFcSmsNumSendRequest.php 第 44 行.
NOTIC: [8] Undefined variable: extend D:\phpStudy\WWW\ThinkPHP\Library\Vendor\Alidayu\top\request\AlibabaAliqinFcSmsNumSendRequest.php 第 45 行.
INFO: [ app_end ] --START--
INFO: Run Behavior\ShowPageTraceBehavior [ RunTime:0.000767s ]
INFO: [ app_end ] --END-- [ RunTime:0.000848s ]

[ 2017-04-25T17:15:20+08:00 ] ::1 /campus/index.php/Home/user/sendCode
INFO: [ app_init ] --START--
INFO: Run Behavior\BuildLiteBehavior [ RunTime:0.000012s ]
INFO: [ app_init ] --END-- [ RunTime:0.000666s ]
INFO: [ app_begin ] --START--
INFO: Run Behavior\ReadHtmlCacheBehavior [ RunTime:0.000772s ]
INFO: [ app_begin ] --END-- [ RunTime:0.000825s ]
NOTIC: [2] Missing argument 1 for AlibabaAliqinFcSmsNumSendRequest::setExtend(), called in D:\phpStudy\WWW\campus\Home\Controller\UserController.class.php on line 15 and defined D:\phpStudy\WWW\ThinkPHP\Library\Vendor\Alidayu\top\request\AlibabaAliqinFcSmsNumSendRequest.php 第 42 行.
NOTIC: [8] Undefined variable: extend D:\phpStudy\WWW\ThinkPHP\Library\Vendor\Alidayu\top\request\AlibabaAliqinFcSmsNumSendRequest.php 第 44 行.
NOTIC: [8] Undefined variable: extend D:\phpStudy\WWW\ThinkPHP\Library\Vendor\Alidayu\top\request\AlibabaAliqinFcSmsNumSendRequest.php 第 45 行.
INFO: [ app_end ] --START--
INFO: Run Behavior\ShowPageTraceBehavior [ RunTime:0.000902s ]
INFO: [ app_end ] --END-- [ RunTime:0.000996s ]

[ 2017-04-25T17:16:11+08:00 ] ::1 /campus/index.php/Home/user/sendCode
INFO: [ app_init ] --START--
INFO: Run Behavior\BuildLiteBehavior [ RunTime:0.000042s ]
INFO: [ app_init ] --END-- [ RunTime:0.000988s ]
INFO: [ app_begin ] --START--
INFO: Run Behavior\ReadHtmlCacheBehavior [ RunTime:0.000696s ]
INFO: [ app_begin ] --END-- [ RunTime:0.000757s ]
NOTIC: [2] Missing argument 1 for AlibabaAliqinFcSmsNumSendRequest::setExtend(), called in D:\phpStudy\WWW\campus\Home\Controller\UserController.class.php on line 15 and defined D:\phpStudy\WWW\ThinkPHP\Library\Vendor\Alidayu\top\request\AlibabaAliqinFcSmsNumSendRequest.php 第 42 行.
NOTIC: [8] Undefined variable: extend D:\phpStudy\WWW\ThinkPHP\Library\Vendor\Alidayu\top\request\AlibabaAliqinFcSmsNumSendRequest.php 第 44 行.
NOTIC: [8] Undefined variable: extend D:\phpStudy\WWW\ThinkPHP\Library\Vendor\Alidayu\top\request\AlibabaAliqinFcSmsNumSendRequest.php 第 45 行.
INFO: [ app_end ] --START--
INFO: Run Behavior\ShowPageTraceBehavior [ RunTime:0.001006s ]
INFO: [ app_end ] --END-- [ RunTime:0.001098s ]

[ 2017-04-25T17:16:14+08:00 ] ::1 /campus/index.php/Home/user/sendCode
INFO: [ app_init ] --START--
INFO: Run Behavior\BuildLiteBehavior [ RunTime:0.000011s ]
INFO: [ app_init ] --END-- [ RunTime:0.000517s ]
INFO: [ app_begin ] --START--
INFO: Run Behavior\ReadHtmlCacheBehavior [ RunTime:0.000940s ]
INFO: [ app_begin ] --END-- [ RunTime:0.001012s ]
NOTIC: [2] Missing argument 1 for AlibabaAliqinFcSmsNumSendRequest::setExtend(), called in D:\phpStudy\WWW\campus\Home\Controller\UserController.class.php on line 15 and defined D:\phpStudy\WWW\ThinkPHP\Library\Vendor\Alidayu\top\request\AlibabaAliqinFcSmsNumSendRequest.php 第 42 行.
NOTIC: [8] Undefined variable: extend D:\phpStudy\WWW\ThinkPHP\Library\Vendor\Alidayu\top\request\AlibabaAliqinFcSmsNumSendRequest.php 第 44 行.
NOTIC: [8] Undefined variable: extend D:\phpStudy\WWW\ThinkPHP\Library\Vendor\Alidayu\top\request\AlibabaAliqinFcSmsNumSendRequest.php 第 45 行.
INFO: [ app_end ] --START--
INFO: Run Behavior\ShowPageTraceBehavior [ RunTime:0.001024s ]
INFO: [ app_end ] --END-- [ RunTime:0.001134s ]

[ 2017-04-25T17:16:57+08:00 ] ::1 /campus/index.php/Home/user/sendCode
INFO: [ app_init ] --START--
INFO: Run Behavior\BuildLiteBehavior [ RunTime:0.000016s ]
INFO: [ app_init ] --END-- [ RunTime:0.000673s ]
INFO: [ app_begin ] --START--
INFO: Run Behavior\ReadHtmlCacheBehavior [ RunTime:0.000712s ]
INFO: [ app_begin ] --END-- [ RunTime:0.000770s ]

[ 2017-04-25T17:17:20+08:00 ] ::1 /campus/index.php/Home/user/sendCode
INFO: [ app_init ] --START--
INFO: Run Behavior\BuildLiteBehavior [ RunTime:0.000013s ]
INFO: [ app_init ] --END-- [ RunTime:0.000616s ]
INFO: [ app_begin ] --START--
INFO: Run Behavior\ReadHtmlCacheBehavior [ RunTime:0.000629s ]
INFO: [ app_begin ] --END-- [ RunTime:0.000676s ]
NOTIC: [8] Use of undefined constant VENDOR_DIR - assumed 'VENDOR_DIR' D:\phpStudy\WWW\campus\Home\Controller\UserController.class.php 第 7 行.
NOTIC: [2] include(VENDOR_DIR/alidayu/TopSdk.php): failed to open stream: No such file or directory D:\phpStudy\WWW\campus\Home\Controller\UserController.class.php 第 7 行.
NOTIC: [2] include(): Failed opening 'VENDOR_DIR/alidayu/TopSdk.php' for inclusion (include_path='.;C:\php\pear') D:\phpStudy\WWW\campus\Home\Controller\UserController.class.php 第 7 行.
ERR: Class 'TopClient' not found

[ 2017-04-25T17:17:45+08:00 ] ::1 /campus/index.php/Home/user/sendCode
INFO: [ app_init ] --START--
INFO: Run Behavior\BuildLiteBehavior [ RunTime:0.000019s ]
INFO: [ app_init ] --END-- [ RunTime:0.000882s ]
INFO: [ app_begin ] --START--
INFO: Run Behavior\ReadHtmlCacheBehavior [ RunTime:0.001043s ]
INFO: [ app_begin ] --END-- [ RunTime:0.001120s ]
NOTIC: [2] Missing argument 1 for AlibabaAliqinFcSmsNumSendRequest::setExtend(), called in D:\phpStudy\WWW\campus\Home\Controller\UserController.class.php on line 15 and defined D:\phpStudy\WWW\ThinkPHP\Library\Vendor\Alidayu\top\request\AlibabaAliqinFcSmsNumSendRequest.php 第 42 行.
NOTIC: [8] Undefined variable: extend D:\phpStudy\WWW\ThinkPHP\Library\Vendor\Alidayu\top\request\AlibabaAliqinFcSmsNumSendRequest.php 第 44 行.
NOTIC: [8] Undefined variable: extend D:\phpStudy\WWW\ThinkPHP\Library\Vendor\Alidayu\top\request\AlibabaAliqinFcSmsNumSendRequest.php 第 45 行.
INFO: [ app_end ] --START--
INFO: Run Behavior\ShowPageTraceBehavior [ RunTime:0.000760s ]
INFO: [ app_end ] --END-- [ RunTime:0.000836s ]

[ 2017-04-25T17:18:03+08:00 ] ::1 /campus/index.php/Home/user/sendCode
INFO: [ app_init ] --START--
INFO: Run Behavior\BuildLiteBehavior [ RunTime:0.000012s ]
INFO: [ app_init ] --END-- [ RunTime:0.000537s ]
INFO: [ app_begin ] --START--
INFO: Run Behavior\ReadHtmlCacheBehavior [ RunTime:0.000637s ]
INFO: [ app_begin ] --END-- [ RunTime:0.000692s ]
NOTIC: [2] Missing argument 1 for AlibabaAliqinFcSmsNumSendRequest::setExtend(), called in D:\phpStudy\WWW\campus\Home\Controller\UserController.class.php on line 15 and defined D:\phpStudy\WWW\ThinkPHP\Library\Vendor\Alidayu\top\request\AlibabaAliqinFcSmsNumSendRequest.php 第 42 行.
NOTIC: [8] Undefined variable: extend D:\phpStudy\WWW\ThinkPHP\Library\Vendor\Alidayu\top\request\AlibabaAliqinFcSmsNumSendRequest.php 第 44 行.
NOTIC: [8] Undefined variable: extend D:\phpStudy\WWW\ThinkPHP\Library\Vendor\Alidayu\top\request\AlibabaAliqinFcSmsNumSendRequest.php 第 45 行.
INFO: [ app_end ] --START--
INFO: Run Behavior\ShowPageTraceBehavior [ RunTime:0.000741s ]
INFO: [ app_end ] --END-- [ RunTime:0.000820s ]

[ 2017-04-25T17:18:21+08:00 ] ::1 /campus/index.php/Home/user/sendCode
INFO: [ app_init ] --START--
INFO: Run Behavior\BuildLiteBehavior [ RunTime:0.000013s ]
INFO: [ app_init ] --END-- [ RunTime:0.000548s ]
INFO: [ app_begin ] --START--
INFO: Run Behavior\ReadHtmlCacheBehavior [ RunTime:0.001080s ]
INFO: [ app_begin ] --END-- [ RunTime:0.001146s ]
NOTIC: [2] Missing argument 1 for AlibabaAliqinFcSmsNumSendRequest::setExtend(), called in D:\phpStudy\WWW\campus\Home\Controller\UserController.class.php on line 15 and defined D:\phpStudy\WWW\ThinkPHP\Library\Vendor\Alidayu\top\request\AlibabaAliqinFcSmsNumSendRequest.php 第 42 行.
NOTIC: [8] Undefined variable: extend D:\phpStudy\WWW\ThinkPHP\Library\Vendor\Alidayu\top\request\AlibabaAliqinFcSmsNumSendRequest.php 第 44 行.
NOTIC: [8] Undefined variable: extend D:\phpStudy\WWW\ThinkPHP\Library\Vendor\Alidayu\top\request\AlibabaAliqinFcSmsNumSendRequest.php 第 45 行.
INFO: [ app_end ] --START--
INFO: Run Behavior\ShowPageTraceBehavior [ RunTime:0.000859s ]
INFO: [ app_end ] --END-- [ RunTime:0.000930s ]

[ 2017-04-25T17:18:49+08:00 ] ::1 /campus/index.php/Home/user/sendCode
INFO: [ app_init ] --START--
INFO: Run Behavior\BuildLiteBehavior [ RunTime:0.000014s ]
INFO: [ app_init ] --END-- [ RunTime:0.000702s ]
INFO: [ app_begin ] --START--
INFO: Run Behavior\ReadHtmlCacheBehavior [ RunTime:0.000675s ]
INFO: [ app_begin ] --END-- [ RunTime:0.000736s ]
NOTIC: [2] Missing argument 1 for AlibabaAliqinFcSmsNumSendRequest::setExtend(), called in D:\phpStudy\WWW\campus\Home\Controller\UserController.class.php on line 15 and defined D:\phpStudy\WWW\ThinkPHP\Library\Vendor\Alidayu\top\request\AlibabaAliqinFcSmsNumSendRequest.php 第 42 行.
NOTIC: [8] Undefined variable: extend D:\phpStudy\WWW\ThinkPHP\Library\Vendor\Alidayu\top\request\AlibabaAliqinFcSmsNumSendRequest.php 第 44 行.
NOTIC: [8] Undefined variable: extend D:\phpStudy\WWW\ThinkPHP\Library\Vendor\Alidayu\top\request\AlibabaAliqinFcSmsNumSendRequest.php 第 45 行.
INFO: [ app_end ] --START--
INFO: Run Behavior\ShowPageTraceBehavior [ RunTime:0.000718s ]
INFO: [ app_end ] --END-- [ RunTime:0.000788s ]

[ 2017-04-25T17:20:49+08:00 ] ::1 /campus/index.php/Home/user/sendCode
INFO: [ app_init ] --START--
INFO: Run Behavior\BuildLiteBehavior [ RunTime:0.000025s ]
INFO: [ app_init ] --END-- [ RunTime:0.000977s ]
INFO: [ app_begin ] --START--
INFO: Run Behavior\ReadHtmlCacheBehavior [ RunTime:0.001056s ]
INFO: [ app_begin ] --END-- [ RunTime:0.001126s ]
NOTIC: [2] Missing argument 1 for AlibabaAliqinFcSmsNumSendRequest::setExtend(), called in D:\phpStudy\WWW\campus\Home\Controller\UserController.class.php on line 15 and defined D:\phpStudy\WWW\ThinkPHP\Library\Vendor\Alidayu\top\request\AlibabaAliqinFcSmsNumSendRequest.php 第 42 行.
NOTIC: [8] Undefined variable: extend D:\phpStudy\WWW\ThinkPHP\Library\Vendor\Alidayu\top\request\AlibabaAliqinFcSmsNumSendRequest.php 第 44 行.
NOTIC: [8] Undefined variable: extend D:\phpStudy\WWW\ThinkPHP\Library\Vendor\Alidayu\top\request\AlibabaAliqinFcSmsNumSendRequest.php 第 45 行.
INFO: [ app_end ] --START--
INFO: Run Behavior\ShowPageTraceBehavior [ RunTime:0.000870s ]
INFO: [ app_end ] --END-- [ RunTime:0.000932s ]

[ 2017-04-25T17:20:51+08:00 ] ::1 /campus/index.php/Home/user/sendCode
INFO: [ app_init ] --START--
INFO: Run Behavior\BuildLiteBehavior [ RunTime:0.000014s ]
INFO: [ app_init ] --END-- [ RunTime:0.000592s ]
INFO: [ app_begin ] --START--
INFO: Run Behavior\ReadHtmlCacheBehavior [ RunTime:0.001031s ]
INFO: [ app_begin ] --END-- [ RunTime:0.001123s ]
NOTIC: [2] Missing argument 1 for AlibabaAliqinFcSmsNumSendRequest::setExtend(), called in D:\phpStudy\WWW\campus\Home\Controller\UserController.class.php on line 15 and defined D:\phpStudy\WWW\ThinkPHP\Library\Vendor\Alidayu\top\request\AlibabaAliqinFcSmsNumSendRequest.php 第 42 行.
NOTIC: [8] Undefined variable: extend D:\phpStudy\WWW\ThinkPHP\Library\Vendor\Alidayu\top\request\AlibabaAliqinFcSmsNumSendRequest.php 第 44 行.
NOTIC: [8] Undefined variable: extend D:\phpStudy\WWW\ThinkPHP\Library\Vendor\Alidayu\top\request\AlibabaAliqinFcSmsNumSendRequest.php 第 45 行.
INFO: [ app_end ] --START--
INFO: Run Behavior\ShowPageTraceBehavior [ RunTime:0.000692s ]
INFO: [ app_end ] --END-- [ RunTime:0.000770s ]

[ 2017-04-25T17:22:18+08:00 ] ::1 /campus/index.php/Home/index/index
INFO: [ app_init ] --START--
INFO: Run Behavior\BuildLiteBehavior [ RunTime:0.000014s ]
INFO: [ app_init ] --END-- [ RunTime:0.000647s ]
INFO: [ app_begin ] --START--
INFO: Run Behavior\ReadHtmlCacheBehavior [ RunTime:0.000795s ]
INFO: [ app_begin ] --END-- [ RunTime:0.000863s ]
INFO: [ app_end ] --START--
INFO: Run Behavior\ShowPageTraceBehavior [ RunTime:0.000848s ]
INFO: [ app_end ] --END-- [ RunTime:0.000916s ]

[ 2017-04-25T17:22:18+08:00 ] ::1 /campus/index.php/Home/index/index
INFO: [ app_init ] --START--
INFO: Run Behavior\BuildLiteBehavior [ RunTime:0.000014s ]
INFO: [ app_init ] --END-- [ RunTime:0.000658s ]
INFO: [ app_begin ] --START--
INFO: Run Behavior\ReadHtmlCacheBehavior [ RunTime:0.000797s ]
INFO: [ app_begin ] --END-- [ RunTime:0.000860s ]
INFO: [ app_end ] --START--
INFO: Run Behavior\ShowPageTraceBehavior [ RunTime:0.000700s ]
INFO: [ app_end ] --END-- [ RunTime:0.000755s ]

[ 2017-04-25T17:24:26+08:00 ] ::1 /campus/index.php/Home/index/index
INFO: [ app_init ] --START--
INFO: Run Behavior\BuildLiteBehavior [ RunTime:0.000015s ]
INFO: [ app_init ] --END-- [ RunTime:0.000854s ]
INFO: [ app_begin ] --START--
INFO: Run Behavior\ReadHtmlCacheBehavior [ RunTime:0.000911s ]
INFO: [ app_begin ] --END-- [ RunTime:0.000969s ]
INFO: [ app_end ] --START--
INFO: Run Behavior\ShowPageTraceBehavior [ RunTime:0.000805s ]
INFO: [ app_end ] --END-- [ RunTime:0.000858s ]

[ 2017-04-25T17:24:29+08:00 ] ::1 /campus/index.php/Home/index/index
INFO: [ app_init ] --START--
INFO: Run Behavior\BuildLiteBehavior [ RunTime:0.000017s ]
INFO: [ app_init ] --END-- [ RunTime:0.000749s ]
INFO: [ app_begin ] --START--
INFO: Run Behavior\ReadHtmlCacheBehavior [ RunTime:0.000790s ]
INFO: [ app_begin ] --END-- [ RunTime:0.000853s ]
INFO: [ app_end ] --START--
INFO: Run Behavior\ShowPageTraceBehavior [ RunTime:0.000806s ]
INFO: [ app_end ] --END-- [ RunTime:0.000878s ]

[ 2017-04-25T17:24:30+08:00 ] ::1 /campus/index.php/Home/index/index
INFO: [ app_init ] --START--
INFO: Run Behavior\BuildLiteBehavior [ RunTime:0.000020s ]
INFO: [ app_init ] --END-- [ RunTime:0.000727s ]
INFO: [ app_begin ] --START--
INFO: Run Behavior\ReadHtmlCacheBehavior [ RunTime:0.000914s ]
INFO: [ app_begin ] --END-- [ RunTime:0.000987s ]
INFO: [ app_end ] --START--
INFO: Run Behavior\ShowPageTraceBehavior [ RunTime:0.000824s ]
INFO: [ app_end ] --END-- [ RunTime:0.000895s ]

[ 2017-04-25T17:24:50+08:00 ] ::1 /campus/index.php/Home/index/index
INFO: [ app_init ] --START--
INFO: Run Behavior\BuildLiteBehavior [ RunTime:0.000014s ]
INFO: [ app_init ] --END-- [ RunTime:0.000679s ]
INFO: [ app_begin ] --START--
INFO: Run Behavior\ReadHtmlCacheBehavior [ RunTime:0.000716s ]
INFO: [ app_begin ] --END-- [ RunTime:0.000794s ]
INFO: [ app_end ] --START--
INFO: Run Behavior\ShowPageTraceBehavior [ RunTime:0.000680s ]
INFO: [ app_end ] --END-- [ RunTime:0.000739s ]

[ 2017-04-25T17:25:07+08:00 ] ::1 /campus/index.php/Home/index/index
INFO: [ app_init ] --START--
INFO: Run Behavior\BuildLiteBehavior [ RunTime:0.000030s ]
INFO: [ app_init ] --END-- [ RunTime:0.000976s ]
INFO: [ app_begin ] --START--
INFO: Run Behavior\ReadHtmlCacheBehavior [ RunTime:0.000845s ]
INFO: [ app_begin ] --END-- [ RunTime:0.000929s ]
NOTIC: [2] Missing argument 1 for Think\Controller::ajaxReturn(), called in D:\phpStudy\WWW\campus\Home\Controller\IndexController.class.php on line 6 and defined D:\phpStudy\WWW\ThinkPHP\Library\Think\Controller.class.php 第 210 行.
NOTIC: [8] Undefined variable: data D:\phpStudy\WWW\ThinkPHP\Library\Think\Controller.class.php 第 216 行.

[ 2017-04-25T17:25:10+08:00 ] ::1 /campus/index.php/Home/index/index
INFO: [ app_init ] --START--
INFO: Run Behavior\BuildLiteBehavior [ RunTime:0.000013s ]
INFO: [ app_init ] --END-- [ RunTime:0.000682s ]
INFO: [ app_begin ] --START--
INFO: Run Behavior\ReadHtmlCacheBehavior [ RunTime:0.000883s ]
INFO: [ app_begin ] --END-- [ RunTime:0.000959s ]
NOTIC: [2] Missing argument 1 for Think\Controller::ajaxReturn(), called in D:\phpStudy\WWW\campus\Home\Controller\IndexController.class.php on line 6 and defined D:\phpStudy\WWW\ThinkPHP\Library\Think\Controller.class.php 第 210 行.
NOTIC: [8] Undefined variable: data D:\phpStudy\WWW\ThinkPHP\Library\Think\Controller.class.php 第 216 行.

[ 2017-04-25T17:25:12+08:00 ] ::1 /campus/index.php/Home/index/index
INFO: [ app_init ] --START--
INFO: Run Behavior\BuildLiteBehavior [ RunTime:0.000021s ]
INFO: [ app_init ] --END-- [ RunTime:0.000757s ]
INFO: [ app_begin ] --START--
INFO: Run Behavior\ReadHtmlCacheBehavior [ RunTime:0.000946s ]
INFO: [ app_begin ] --END-- [ RunTime:0.001050s ]
NOTIC: [2] Missing argument 1 for Think\Controller::ajaxReturn(), called in D:\phpStudy\WWW\campus\Home\Controller\IndexController.class.php on line 6 and defined D:\phpStudy\WWW\ThinkPHP\Library\Think\Controller.class.php 第 210 行.
NOTIC: [8] Undefined variable: data D:\phpStudy\WWW\ThinkPHP\Library\Think\Controller.class.php 第 216 行.

[ 2017-04-25T17:25:15+08:00 ] ::1 /campus/index.php/Home/index/index
INFO: [ app_init ] --START--
INFO: Run Behavior\BuildLiteBehavior [ RunTime:0.000016s ]
INFO: [ app_init ] --END-- [ RunTime:0.000791s ]
INFO: [ app_begin ] --START--
INFO: Run Behavior\ReadHtmlCacheBehavior [ RunTime:0.001140s ]
INFO: [ app_begin ] --END-- [ RunTime:0.001238s ]
NOTIC: [2] Missing argument 1 for Think\Controller::ajaxReturn(), called in D:\phpStudy\WWW\campus\Home\Controller\IndexController.class.php on line 6 and defined D:\phpStudy\WWW\ThinkPHP\Library\Think\Controller.class.php 第 210 行.
NOTIC: [8] Undefined variable: data D:\phpStudy\WWW\ThinkPHP\Library\Think\Controller.class.php 第 216 行.

[ 2017-04-25T17:25:19+08:00 ] ::1 /campus/index.php/Home/index/index
INFO: [ app_init ] --START--
INFO: Run Behavior\BuildLiteBehavior [ RunTime:0.000014s ]
INFO: [ app_init ] --END-- [ RunTime:0.000655s ]
INFO: [ app_begin ] --START--
INFO: Run Behavior\ReadHtmlCacheBehavior [ RunTime:0.000852s ]
INFO: [ app_begin ] --END-- [ RunTime:0.000929s ]
NOTIC: [2] Missing argument 1 for Think\Controller::ajaxReturn(), called in D:\phpStudy\WWW\campus\Home\Controller\IndexController.class.php on line 6 and defined D:\phpStudy\WWW\ThinkPHP\Library\Think\Controller.class.php 第 210 行.
NOTIC: [8] Undefined variable: data D:\phpStudy\WWW\ThinkPHP\Library\Think\Controller.class.php 第 216 行.

[ 2017-04-25T17:34:16+08:00 ] ::1 /campus/index.php/Home/index/index
INFO: [ app_init ] --START--
INFO: Run Behavior\BuildLiteBehavior [ RunTime:0.000038s ]
INFO: [ app_init ] --END-- [ RunTime:0.001254s ]
INFO: [ app_begin ] --START--
INFO: Run Behavior\ReadHtmlCacheBehavior [ RunTime:0.001634s ]
INFO: [ app_begin ] --END-- [ RunTime:0.001785s ]
INFO: [ app_end ] --START--
INFO: Run Behavior\ShowPageTraceBehavior [ RunTime:0.001001s ]
INFO: [ app_end ] --END-- [ RunTime:0.001084s ]

[ 2017-04-25T17:34:20+08:00 ] ::1 /campus/index.php/Home/index/index
INFO: [ app_init ] --START--
INFO: Run Behavior\BuildLiteBehavior [ RunTime:0.000019s ]
INFO: [ app_init ] --END-- [ RunTime:0.000999s ]
INFO: [ app_begin ] --START--
INFO: Run Behavior\ReadHtmlCacheBehavior [ RunTime:0.000949s ]
INFO: [ app_begin ] --END-- [ RunTime:0.001028s ]
INFO: [ app_end ] --START--
INFO: Run Behavior\ShowPageTraceBehavior [ RunTime:0.000936s ]
INFO: [ app_end ] --END-- [ RunTime:0.001021s ]

[ 2017-04-25T17:34:23+08:00 ] ::1 /campus/index.php/Home/index/index
INFO: [ app_init ] --START--
INFO: Run Behavior\BuildLiteBehavior [ RunTime:0.000012s ]
INFO: [ app_init ] --END-- [ RunTime:0.000563s ]
INFO: [ app_begin ] --START--
INFO: Run Behavior\ReadHtmlCacheBehavior [ RunTime:0.000678s ]
INFO: [ app_begin ] --END-- [ RunTime:0.000723s ]
INFO: [ app_end ] --START--
INFO: Run Behavior\ShowPageTraceBehavior [ RunTime:0.000914s ]
INFO: [ app_end ] --END-- [ RunTime:0.000971s ]

[ 2017-04-25T17:34:43+08:00 ] ::1 /campus/index.php/Home/index/index
INFO: [ app_init ] --START--
INFO: Run Behavior\BuildLiteBehavior [ RunTime:0.000017s ]
INFO: [ app_init ] --END-- [ RunTime:0.000790s ]
INFO: [ app_begin ] --START--
INFO: Run Behavior\ReadHtmlCacheBehavior [ RunTime:0.000914s ]
INFO: [ app_begin ] --END-- [ RunTime:0.000992s ]
INFO: [ app_end ] --START--
INFO: Run Behavior\ShowPageTraceBehavior [ RunTime:0.000860s ]
INFO: [ app_end ] --END-- [ RunTime:0.000943s ]

[ 2017-04-25T17:40:42+08:00 ] ::1 /campus/index.php/home/index/index
INFO: [ app_init ] --START--
INFO: Run Behavior\BuildLiteBehavior [ RunTime:0.000014s ]
INFO: [ app_init ] --END-- [ RunTime:0.000838s ]
INFO: [ app_begin ] --START--
INFO: Run Behavior\ReadHtmlCacheBehavior [ RunTime:0.000841s ]
INFO: [ app_begin ] --END-- [ RunTime:0.000896s ]
INFO: [ app_end ] --START--
INFO: Run Behavior\ShowPageTraceBehavior [ RunTime:0.001143s ]
INFO: [ app_end ] --END-- [ RunTime:0.001231s ]

[ 2017-04-25T17:40:42+08:00 ] ::1 /campus/index.php/home/index/index
INFO: [ app_init ] --START--
INFO: Run Behavior\BuildLiteBehavior [ RunTime:0.000012s ]
INFO: [ app_init ] --END-- [ RunTime:0.000540s ]
INFO: [ app_begin ] --START--
INFO: Run Behavior\ReadHtmlCacheBehavior [ RunTime:0.000628s ]
INFO: [ app_begin ] --END-- [ RunTime:0.000674s ]
INFO: [ app_end ] --START--
INFO: Run Behavior\ShowPageTraceBehavior [ RunTime:0.000701s ]
INFO: [ app_end ] --END-- [ RunTime:0.000763s ]

[ 2017-04-25T17:40:48+08:00 ] ::1 /campus/index.php/home/index/index
INFO: [ app_init ] --START--
INFO: Run Behavior\BuildLiteBehavior [ RunTime:0.000018s ]
INFO: [ app_init ] --END-- [ RunTime:0.000839s ]
INFO: [ app_begin ] --START--
INFO: Run Behavior\ReadHtmlCacheBehavior [ RunTime:0.000704s ]
INFO: [ app_begin ] --END-- [ RunTime:0.000758s ]
INFO: [ app_end ] --START--
INFO: Run Behavior\ShowPageTraceBehavior [ RunTime:0.000822s ]
INFO: [ app_end ] --END-- [ RunTime:0.000893s ]

[ 2017-04-25T17:40:58+08:00 ] ::1 /campus/index.php/home/index/index
INFO: [ app_init ] --START--
INFO: Run Behavior\BuildLiteBehavior [ RunTime:0.000015s ]
INFO: [ app_init ] --END-- [ RunTime:0.000709s ]
INFO: [ app_begin ] --START--
INFO: Run Behavior\ReadHtmlCacheBehavior [ RunTime:0.001144s ]
INFO: [ app_begin ] --END-- [ RunTime:0.001234s ]
INFO: [ app_end ] --START--
INFO: Run Behavior\ShowPageTraceBehavior [ RunTime:0.000880s ]
INFO: [ app_end ] --END-- [ RunTime:0.000972s ]

