[ 2017-05-03T16:44:04+08:00 ] ::1 /campus/index.php/Home/index/login
INFO: [ app_init ] --START--
INFO: Run Behavior\BuildLiteBehavior [ RunTime:0.000051s ]
INFO: [ app_init ] --END-- [ RunTime:0.018484s ]
INFO: [ app_begin ] --START--
INFO: Run Behavior\ReadHtmlCacheBehavior [ RunTime:0.002675s ]
INFO: [ app_begin ] --END-- [ RunTime:0.002840s ]
SQL: SHOW COLUMNS FROM `user` [ RunTime:0.1494s ]
INFO: [ view_parse ] --START--
INFO: [ template_filter ] --START--
INFO: Run Behavior\ContentReplaceBehavior [ RunTime:0.001036s ]
INFO: [ template_filter ] --END-- [ RunTime:0.001186s ]
INFO: Run Behavior\ParseTemplateBehavior [ RunTime:0.104287s ]
INFO: [ view_parse ] --END-- [ RunTime:0.104428s ]
INFO: [ view_filter ] --START--
INFO: Run Behavior\WriteHtmlCacheBehavior [ RunTime:0.001734s ]
INFO: [ view_filter ] --END-- [ RunTime:0.001836s ]
INFO: [ app_end ] --START--
INFO: Run Behavior\ShowPageTraceBehavior [ RunTime:0.001991s ]
INFO: [ app_end ] --END-- [ RunTime:0.002073s ]

[ 2017-05-03T16:44:53+08:00 ] ::1 /campus/index.php/Home/Index/getCodeAjax.html
INFO: [ app_init ] --START--
INFO: Run Behavior\BuildLiteBehavior [ RunTime:0.000025s ]
INFO: [ app_init ] --END-- [ RunTime:0.017339s ]
INFO: [ app_begin ] --START--
INFO: Run Behavior\ReadHtmlCacheBehavior [ RunTime:0.001744s ]
INFO: [ app_begin ] --END-- [ RunTime:0.001848s ]
SQL: SHOW COLUMNS FROM `user` [ RunTime:0.0199s ]
SQL: SHOW COLUMNS FROM `user` [ RunTime:0.0321s ]
SQL: SELECT * FROM `user` WHERE `user_mobile` = '15819064843' LIMIT 1   [ RunTime:0.0012s ]
SQL: INSERT INTO `user` (`user_mobile`,`user_code`) VALUES ('15819064843','6608') [ RunTime:0.0016s ]
SQL: UPDATE `user` SET `time`='1493801093' WHERE `user_mobile` = '15819064843' [ RunTime:0.0014s ]

[ 2017-05-03T16:45:15+08:00 ] ::1 /campus/index.php/Home/Index/checkCodeAjax.html
INFO: [ app_init ] --START--
INFO: Run Behavior\BuildLiteBehavior [ RunTime:0.000060s ]
INFO: [ app_init ] --END-- [ RunTime:0.000939s ]
INFO: [ app_begin ] --START--
INFO: Run Behavior\ReadHtmlCacheBehavior [ RunTime:0.000986s ]
INFO: [ app_begin ] --END-- [ RunTime:0.001044s ]
SQL: SHOW COLUMNS FROM `user` [ RunTime:0.0127s ]
SQL: SHOW COLUMNS FROM `user` [ RunTime:0.0122s ]
SQL: SELECT * FROM `user` WHERE `user_mobile` = '15819064843' LIMIT 1   [ RunTime:0.0013s ]
SQL: SELECT * FROM `user` WHERE `user_mobile` = '15819064843' LIMIT 1   [ RunTime:0.0008s ]
NOTIC: [8] Undefined variable: user D:\phpStudy\WWW\campus\Home\Controller\IndexController.class.php 第 82 行.

[ 2017-05-03T16:45:18+08:00 ] ::1 /campus/index.php/Home/User/index.html
INFO: [ app_init ] --START--
INFO: Run Behavior\BuildLiteBehavior [ RunTime:0.000020s ]
INFO: [ app_init ] --END-- [ RunTime:0.000912s ]
INFO: [ app_begin ] --START--
INFO: Run Behavior\ReadHtmlCacheBehavior [ RunTime:0.000982s ]
INFO: [ app_begin ] --END-- [ RunTime:0.001046s ]
SQL: SHOW COLUMNS FROM `user` [ RunTime:0.0125s ]
INFO: [ view_parse ] --START--
INFO: [ template_filter ] --START--
INFO: Run Behavior\ContentReplaceBehavior [ RunTime:0.000069s ]
INFO: [ template_filter ] --END-- [ RunTime:0.000196s ]
INFO: Run Behavior\ParseTemplateBehavior [ RunTime:0.092545s ]
INFO: [ view_parse ] --END-- [ RunTime:0.092666s ]
INFO: [ view_filter ] --START--
INFO: Run Behavior\WriteHtmlCacheBehavior [ RunTime:0.008760s ]
INFO: [ view_filter ] --END-- [ RunTime:0.008889s ]
INFO: [ app_end ] --START--
INFO: Run Behavior\ShowPageTraceBehavior [ RunTime:0.006707s ]
INFO: [ app_end ] --END-- [ RunTime:0.006815s ]

[ 2017-05-03T16:45:21+08:00 ] ::1 /campus/index.php/Home/AllLost/lostlist.html
INFO: [ app_init ] --START--
INFO: Run Behavior\BuildLiteBehavior [ RunTime:0.000016s ]
INFO: [ app_init ] --END-- [ RunTime:0.000832s ]
INFO: [ app_begin ] --START--
INFO: Run Behavior\ReadHtmlCacheBehavior [ RunTime:0.001034s ]
INFO: [ app_begin ] --END-- [ RunTime:0.001100s ]
SQL: SHOW COLUMNS FROM `lost` [ RunTime:0.0195s ]
SQL: SELECT * FROM `lost` ORDER BY lost_id desc LIMIT 0,5   [ RunTime:0.0012s ]
SQL: SELECT COUNT(*) AS tp_count FROM `lost` LIMIT 1   [ RunTime:0.0008s ]
INFO: [ view_parse ] --START--
INFO: [ template_filter ] --START--
INFO: Run Behavior\ContentReplaceBehavior [ RunTime:0.000074s ]
INFO: [ template_filter ] --END-- [ RunTime:0.000192s ]
INFO: Run Behavior\ParseTemplateBehavior [ RunTime:0.114261s ]
INFO: [ view_parse ] --END-- [ RunTime:0.114383s ]
INFO: [ view_filter ] --START--
INFO: Run Behavior\WriteHtmlCacheBehavior [ RunTime:0.001635s ]
INFO: [ view_filter ] --END-- [ RunTime:0.001751s ]
INFO: [ app_end ] --START--
INFO: Run Behavior\ShowPageTraceBehavior [ RunTime:0.002707s ]
INFO: [ app_end ] --END-- [ RunTime:0.002818s ]

[ 2017-05-03T16:45:25+08:00 ] ::1 /campus/index.php/Home/AllLost/lostdetail/lost_id/5.html
INFO: [ app_init ] --START--
INFO: Run Behavior\BuildLiteBehavior [ RunTime:0.000020s ]
INFO: [ app_init ] --END-- [ RunTime:0.001095s ]
INFO: [ app_begin ] --START--
INFO: Run Behavior\ReadHtmlCacheBehavior [ RunTime:0.001863s ]
INFO: [ app_begin ] --END-- [ RunTime:0.001992s ]
SQL: SHOW COLUMNS FROM `lost` [ RunTime:0.0938s ]
SQL: SELECT * FROM `lost` WHERE `lost_id` = 5 LIMIT 1   [ RunTime:0.0010s ]
INFO: [ view_parse ] --START--
INFO: [ template_filter ] --START--
INFO: Run Behavior\ContentReplaceBehavior [ RunTime:0.000059s ]
INFO: [ template_filter ] --END-- [ RunTime:0.000156s ]
INFO: Run Behavior\ParseTemplateBehavior [ RunTime:0.014367s ]
INFO: [ view_parse ] --END-- [ RunTime:0.014470s ]
INFO: [ view_filter ] --START--
INFO: Run Behavior\WriteHtmlCacheBehavior [ RunTime:0.000902s ]
INFO: [ view_filter ] --END-- [ RunTime:0.000977s ]
INFO: [ app_end ] --START--
INFO: Run Behavior\ShowPageTraceBehavior [ RunTime:0.001359s ]
INFO: [ app_end ] --END-- [ RunTime:0.001435s ]

[ 2017-05-03T16:45:30+08:00 ] ::1 /campus/index.php/Home/Personal/index.html
INFO: [ app_init ] --START--
INFO: Run Behavior\BuildLiteBehavior [ RunTime:0.000015s ]
INFO: [ app_init ] --END-- [ RunTime:0.000813s ]
INFO: [ app_begin ] --START--
INFO: Run Behavior\ReadHtmlCacheBehavior [ RunTime:0.001011s ]
INFO: [ app_begin ] --END-- [ RunTime:0.001080s ]
SQL: SHOW COLUMNS FROM `lost` [ RunTime:0.0644s ]
INFO: [ view_parse ] --START--
INFO: [ template_filter ] --START--
INFO: Run Behavior\ContentReplaceBehavior [ RunTime:0.000058s ]
INFO: [ template_filter ] --END-- [ RunTime:0.000161s ]
INFO: Run Behavior\ParseTemplateBehavior [ RunTime:0.062479s ]
INFO: [ view_parse ] --END-- [ RunTime:0.062740s ]
INFO: [ view_filter ] --START--
INFO: Run Behavior\WriteHtmlCacheBehavior [ RunTime:0.001286s ]
INFO: [ view_filter ] --END-- [ RunTime:0.001384s ]
INFO: [ app_end ] --START--
INFO: Run Behavior\ShowPageTraceBehavior [ RunTime:0.001930s ]
INFO: [ app_end ] --END-- [ RunTime:0.002029s ]

[ 2017-05-03T16:45:35+08:00 ] ::1 /campus/index.php/Home/Personal/findadd.html
INFO: [ app_init ] --START--
INFO: Run Behavior\BuildLiteBehavior [ RunTime:0.000017s ]
INFO: [ app_init ] --END-- [ RunTime:0.000950s ]
INFO: [ app_begin ] --START--
INFO: Run Behavior\ReadHtmlCacheBehavior [ RunTime:0.001297s ]
INFO: [ app_begin ] --END-- [ RunTime:0.001387s ]
SQL: SHOW COLUMNS FROM `lost` [ RunTime:0.0129s ]
INFO: [ view_parse ] --START--
INFO: [ template_filter ] --START--
INFO: Run Behavior\ContentReplaceBehavior [ RunTime:0.000071s ]
INFO: [ template_filter ] --END-- [ RunTime:0.000173s ]
INFO: Run Behavior\ParseTemplateBehavior [ RunTime:0.056824s ]
INFO: [ view_parse ] --END-- [ RunTime:0.056947s ]
INFO: [ view_filter ] --START--
INFO: Run Behavior\WriteHtmlCacheBehavior [ RunTime:0.000944s ]
INFO: [ view_filter ] --END-- [ RunTime:0.001023s ]
INFO: [ app_end ] --START--
INFO: Run Behavior\ShowPageTraceBehavior [ RunTime:0.001331s ]
INFO: [ app_end ] --END-- [ RunTime:0.001408s ]

[ 2017-05-03T17:22:00+08:00 ] ::1 /campus/index.php/home/index/login
INFO: [ app_init ] --START--
INFO: Run Behavior\BuildLiteBehavior [ RunTime:0.000031s ]
INFO: [ app_init ] --END-- [ RunTime:0.001444s ]
INFO: [ app_begin ] --START--
INFO: Run Behavior\ReadHtmlCacheBehavior [ RunTime:0.001599s ]
INFO: [ app_begin ] --END-- [ RunTime:0.001695s ]
SQL: SHOW COLUMNS FROM `user` [ RunTime:0.0212s ]
INFO: [ view_parse ] --START--
INFO: [ template_filter ] --START--
INFO: Run Behavior\ContentReplaceBehavior [ RunTime:0.000109s ]
INFO: [ template_filter ] --END-- [ RunTime:0.000207s ]
INFO: Run Behavior\ParseTemplateBehavior [ RunTime:0.040145s ]
INFO: [ view_parse ] --END-- [ RunTime:0.040416s ]
INFO: [ view_filter ] --START--
INFO: Run Behavior\WriteHtmlCacheBehavior [ RunTime:0.001253s ]
INFO: [ view_filter ] --END-- [ RunTime:0.001418s ]
INFO: [ app_end ] --START--
INFO: Run Behavior\ShowPageTraceBehavior [ RunTime:0.001626s ]
INFO: [ app_end ] --END-- [ RunTime:0.001701s ]

[ 2017-05-03T17:23:58+08:00 ] ::1 /campus/index.php/Home/Index/getCodeAjax.html
INFO: [ app_init ] --START--
INFO: Run Behavior\BuildLiteBehavior [ RunTime:0.000014s ]
INFO: [ app_init ] --END-- [ RunTime:0.000780s ]
INFO: [ app_begin ] --START--
INFO: Run Behavior\ReadHtmlCacheBehavior [ RunTime:0.001002s ]
INFO: [ app_begin ] --END-- [ RunTime:0.001058s ]
SQL: SHOW COLUMNS FROM `user` [ RunTime:0.0126s ]
SQL: SHOW COLUMNS FROM `user` [ RunTime:0.0118s ]
SQL: SELECT * FROM `user` WHERE `user_mobile` = '15819064843' LIMIT 1   [ RunTime:0.0010s ]
SQL: UPDATE `user` SET `user_mobile`='15819064843',`user_code`='7176' WHERE `user_mobile` = '15819064843' [ RunTime:0.0011s ]

[ 2017-05-03T17:24:13+08:00 ] ::1 /campus/index.php/Home/Index/checkCodeAjax.html
INFO: [ app_init ] --START--
INFO: Run Behavior\BuildLiteBehavior [ RunTime:0.000024s ]
INFO: [ app_init ] --END-- [ RunTime:0.001310s ]
INFO: [ app_begin ] --START--
INFO: Run Behavior\ReadHtmlCacheBehavior [ RunTime:0.001291s ]
INFO: [ app_begin ] --END-- [ RunTime:0.001382s ]
SQL: SHOW COLUMNS FROM `user` [ RunTime:0.0116s ]
SQL: SHOW COLUMNS FROM `user` [ RunTime:0.0157s ]
SQL: SELECT * FROM `user` WHERE `user_mobile` = '15819064843' LIMIT 1   [ RunTime:0.0008s ]
SQL: SELECT * FROM `user` WHERE `user_mobile` = '15819064843' LIMIT 1   [ RunTime:0.0006s ]
NOTIC: [8] Undefined variable: user D:\phpStudy\WWW\campus\Home\Controller\IndexController.class.php 第 82 行.

[ 2017-05-03T17:24:15+08:00 ] ::1 /campus/index.php/Home/User/index.html
INFO: [ app_init ] --START--
INFO: Run Behavior\BuildLiteBehavior [ RunTime:0.000014s ]
INFO: [ app_init ] --END-- [ RunTime:0.000779s ]
INFO: [ app_begin ] --START--
INFO: Run Behavior\ReadHtmlCacheBehavior [ RunTime:0.001198s ]
INFO: [ app_begin ] --END-- [ RunTime:0.001288s ]
SQL: SHOW COLUMNS FROM `user` [ RunTime:0.0137s ]
INFO: [ view_parse ] --START--
INFO: [ template_filter ] --START--
INFO: Run Behavior\ContentReplaceBehavior [ RunTime:0.000048s ]
INFO: [ template_filter ] --END-- [ RunTime:0.000134s ]
INFO: Run Behavior\ParseTemplateBehavior [ RunTime:0.027088s ]
INFO: [ view_parse ] --END-- [ RunTime:0.027155s ]
INFO: [ view_filter ] --START--
INFO: Run Behavior\WriteHtmlCacheBehavior [ RunTime:0.000830s ]
INFO: [ view_filter ] --END-- [ RunTime:0.000883s ]
INFO: [ app_end ] --START--
INFO: Run Behavior\ShowPageTraceBehavior [ RunTime:0.001186s ]
INFO: [ app_end ] --END-- [ RunTime:0.001239s ]

[ 2017-05-03T17:24:19+08:00 ] ::1 /campus/index.php/Home/AllLost/lostlist.html
INFO: [ app_init ] --START--
INFO: Run Behavior\BuildLiteBehavior [ RunTime:0.000021s ]
INFO: [ app_init ] --END-- [ RunTime:0.001297s ]
INFO: [ app_begin ] --START--
INFO: Run Behavior\ReadHtmlCacheBehavior [ RunTime:0.001021s ]
INFO: [ app_begin ] --END-- [ RunTime:0.001084s ]
SQL: SHOW COLUMNS FROM `lost` [ RunTime:0.0258s ]
SQL: SELECT * FROM `lost` ORDER BY lost_id desc LIMIT 0,5   [ RunTime:0.0010s ]
SQL: SELECT COUNT(*) AS tp_count FROM `lost` LIMIT 1   [ RunTime:0.0004s ]
INFO: [ view_parse ] --START--
INFO: [ template_filter ] --START--
INFO: Run Behavior\ContentReplaceBehavior [ RunTime:0.000059s ]
INFO: [ template_filter ] --END-- [ RunTime:0.000148s ]
INFO: Run Behavior\ParseTemplateBehavior [ RunTime:0.015671s ]
INFO: [ view_parse ] --END-- [ RunTime:0.015775s ]
INFO: [ view_filter ] --START--
INFO: Run Behavior\WriteHtmlCacheBehavior [ RunTime:0.001043s ]
INFO: [ view_filter ] --END-- [ RunTime:0.001117s ]
INFO: [ app_end ] --START--
INFO: Run Behavior\ShowPageTraceBehavior [ RunTime:0.001395s ]
INFO: [ app_end ] --END-- [ RunTime:0.001469s ]

[ 2017-05-03T17:24:22+08:00 ] ::1 /campus/index.php/Home/AllLost/lostdetail/lost_id/3.html
INFO: [ app_init ] --START--
INFO: Run Behavior\BuildLiteBehavior [ RunTime:0.000030s ]
INFO: [ app_init ] --END-- [ RunTime:0.001382s ]
INFO: [ app_begin ] --START--
INFO: Run Behavior\ReadHtmlCacheBehavior [ RunTime:0.001541s ]
INFO: [ app_begin ] --END-- [ RunTime:0.001660s ]
SQL: SHOW COLUMNS FROM `lost` [ RunTime:0.0193s ]
SQL: SELECT * FROM `lost` WHERE `lost_id` = 3 LIMIT 1   [ RunTime:0.0010s ]
INFO: [ view_parse ] --START--
INFO: [ template_filter ] --START--
INFO: Run Behavior\ContentReplaceBehavior [ RunTime:0.000051s ]
INFO: [ template_filter ] --END-- [ RunTime:0.000123s ]
INFO: Run Behavior\ParseTemplateBehavior [ RunTime:0.009715s ]
INFO: [ view_parse ] --END-- [ RunTime:0.009785s ]
INFO: [ view_filter ] --START--
INFO: Run Behavior\WriteHtmlCacheBehavior [ RunTime:0.000631s ]
INFO: [ view_filter ] --END-- [ RunTime:0.000685s ]
INFO: [ app_end ] --START--
INFO: Run Behavior\ShowPageTraceBehavior [ RunTime:0.000967s ]
INFO: [ app_end ] --END-- [ RunTime:0.001020s ]

[ 2017-05-03T17:24:37+08:00 ] ::1 /campus/index.php/Home/Personal/findadd.html
INFO: [ app_init ] --START--
INFO: Run Behavior\BuildLiteBehavior [ RunTime:0.000014s ]
INFO: [ app_init ] --END-- [ RunTime:0.000797s ]
INFO: [ app_begin ] --START--
INFO: Run Behavior\ReadHtmlCacheBehavior [ RunTime:0.000923s ]
INFO: [ app_begin ] --END-- [ RunTime:0.000982s ]
SQL: SHOW COLUMNS FROM `lost` [ RunTime:0.0253s ]
INFO: [ view_parse ] --START--
INFO: [ template_filter ] --START--
INFO: Run Behavior\ContentReplaceBehavior [ RunTime:0.000072s ]
INFO: [ template_filter ] --END-- [ RunTime:0.000177s ]
INFO: Run Behavior\ParseTemplateBehavior [ RunTime:0.028184s ]
INFO: [ view_parse ] --END-- [ RunTime:0.028282s ]
INFO: [ view_filter ] --START--
INFO: Run Behavior\WriteHtmlCacheBehavior [ RunTime:0.000844s ]
INFO: [ view_filter ] --END-- [ RunTime:0.000915s ]
INFO: [ app_end ] --START--
INFO: Run Behavior\ShowPageTraceBehavior [ RunTime:0.001317s ]
INFO: [ app_end ] --END-- [ RunTime:0.001393s ]

[ 2017-05-03T17:24:42+08:00 ] ::1 /campus/index.php/Home/AllLost/lostlist.html
INFO: [ app_init ] --START--
INFO: Run Behavior\BuildLiteBehavior [ RunTime:0.000023s ]
INFO: [ app_init ] --END-- [ RunTime:0.000996s ]
INFO: [ app_begin ] --START--
INFO: Run Behavior\ReadHtmlCacheBehavior [ RunTime:0.000996s ]
INFO: [ app_begin ] --END-- [ RunTime:0.001056s ]
SQL: SHOW COLUMNS FROM `lost` [ RunTime:0.0293s ]
SQL: SELECT * FROM `lost` ORDER BY lost_id desc LIMIT 0,5   [ RunTime:0.0009s ]
SQL: SELECT COUNT(*) AS tp_count FROM `lost` LIMIT 1   [ RunTime:0.0004s ]
INFO: [ view_parse ] --START--
INFO: [ template_filter ] --START--
INFO: Run Behavior\ContentReplaceBehavior [ RunTime:0.000061s ]
INFO: [ template_filter ] --END-- [ RunTime:0.000151s ]
INFO: Run Behavior\ParseTemplateBehavior [ RunTime:0.013951s ]
INFO: [ view_parse ] --END-- [ RunTime:0.014047s ]
INFO: [ view_filter ] --START--
INFO: Run Behavior\WriteHtmlCacheBehavior [ RunTime:0.000849s ]
INFO: [ view_filter ] --END-- [ RunTime:0.000921s ]
INFO: [ app_end ] --START--
INFO: Run Behavior\ShowPageTraceBehavior [ RunTime:0.001211s ]
INFO: [ app_end ] --END-- [ RunTime:0.001272s ]

[ 2017-05-03T17:24:46+08:00 ] ::1 /campus/index.php/Home/User/fullMsg.html
INFO: [ app_init ] --START--
INFO: Run Behavior\BuildLiteBehavior [ RunTime:0.000016s ]
INFO: [ app_init ] --END-- [ RunTime:0.000875s ]
INFO: [ app_begin ] --START--
INFO: Run Behavior\ReadHtmlCacheBehavior [ RunTime:0.001023s ]
INFO: [ app_begin ] --END-- [ RunTime:0.001084s ]
SQL: SHOW COLUMNS FROM `user` [ RunTime:0.0145s ]
SQL: SELECT * FROM `user` WHERE `user_mobile` = '15819064843' LIMIT 1   [ RunTime:0.0011s ]
INFO: [ view_parse ] --START--
INFO: [ template_filter ] --START--
INFO: Run Behavior\ContentReplaceBehavior [ RunTime:0.000076s ]
INFO: [ template_filter ] --END-- [ RunTime:0.000170s ]
INFO: Run Behavior\ParseTemplateBehavior [ RunTime:0.027122s ]
INFO: [ view_parse ] --END-- [ RunTime:0.027220s ]
INFO: [ view_filter ] --START--
INFO: Run Behavior\WriteHtmlCacheBehavior [ RunTime:0.000826s ]
INFO: [ view_filter ] --END-- [ RunTime:0.000898s ]
INFO: [ app_end ] --START--
INFO: Run Behavior\ShowPageTraceBehavior [ RunTime:0.001333s ]
INFO: [ app_end ] --END-- [ RunTime:0.001407s ]

[ 2017-05-03T17:25:00+08:00 ] ::1 /campus/index.php/Home/User/checkCodeAjax.html
INFO: [ app_init ] --START--
INFO: Run Behavior\BuildLiteBehavior [ RunTime:0.000015s ]
INFO: [ app_init ] --END-- [ RunTime:0.000806s ]
INFO: [ app_begin ] --START--
INFO: Run Behavior\ReadHtmlCacheBehavior [ RunTime:0.000910s ]
INFO: [ app_begin ] --END-- [ RunTime:0.000961s ]
SQL: SHOW COLUMNS FROM `user` [ RunTime:0.0181s ]
SQL: SHOW COLUMNS FROM `user` [ RunTime:0.0120s ]
SQL: UPDATE `user` SET `user_number`='1211651004',`user_name`='11111111',`user_mobile`='15819064843' WHERE `user_mobile` = '15819064843' [ RunTime:0.0011s ]

[ 2017-05-03T17:25:04+08:00 ] ::1 /campus/index.php/Home/User/index.html
INFO: [ app_init ] --START--
INFO: Run Behavior\BuildLiteBehavior [ RunTime:0.000015s ]
INFO: [ app_init ] --END-- [ RunTime:0.000805s ]
INFO: [ app_begin ] --START--
INFO: Run Behavior\ReadHtmlCacheBehavior [ RunTime:0.001237s ]
INFO: [ app_begin ] --END-- [ RunTime:0.001328s ]
SQL: SHOW COLUMNS FROM `user` [ RunTime:0.0144s ]
INFO: [ view_parse ] --START--
INFO: [ template_filter ] --START--
INFO: Run Behavior\ContentReplaceBehavior [ RunTime:0.000056s ]
INFO: [ template_filter ] --END-- [ RunTime:0.000155s ]
INFO: Run Behavior\ParseTemplateBehavior [ RunTime:0.012025s ]
INFO: [ view_parse ] --END-- [ RunTime:0.012106s ]
INFO: [ view_filter ] --START--
INFO: Run Behavior\WriteHtmlCacheBehavior [ RunTime:0.000839s ]
INFO: [ view_filter ] --END-- [ RunTime:0.001159s ]
INFO: [ app_end ] --START--
INFO: Run Behavior\ShowPageTraceBehavior [ RunTime:0.001998s ]
INFO: [ app_end ] --END-- [ RunTime:0.002100s ]

[ 2017-05-03T17:25:08+08:00 ] ::1 /campus/index.php/Home/User/fullMsg.html
INFO: [ app_init ] --START--
INFO: Run Behavior\BuildLiteBehavior [ RunTime:0.000017s ]
INFO: [ app_init ] --END-- [ RunTime:0.001025s ]
INFO: [ app_begin ] --START--
INFO: Run Behavior\ReadHtmlCacheBehavior [ RunTime:0.000995s ]
INFO: [ app_begin ] --END-- [ RunTime:0.001061s ]
SQL: SHOW COLUMNS FROM `user` [ RunTime:0.0138s ]
SQL: SELECT * FROM `user` WHERE `user_mobile` = '15819064843' LIMIT 1   [ RunTime:0.0008s ]
INFO: [ view_parse ] --START--
INFO: [ template_filter ] --START--
INFO: Run Behavior\ContentReplaceBehavior [ RunTime:0.000080s ]
INFO: [ template_filter ] --END-- [ RunTime:0.000188s ]
INFO: Run Behavior\ParseTemplateBehavior [ RunTime:0.012974s ]
INFO: [ view_parse ] --END-- [ RunTime:0.013096s ]
INFO: [ view_filter ] --START--
INFO: Run Behavior\WriteHtmlCacheBehavior [ RunTime:0.000870s ]
INFO: [ view_filter ] --END-- [ RunTime:0.000952s ]
INFO: [ app_end ] --START--
INFO: Run Behavior\ShowPageTraceBehavior [ RunTime:0.001296s ]
INFO: [ app_end ] --END-- [ RunTime:0.001371s ]

[ 2017-05-03T17:25:13+08:00 ] ::1 /campus/index.php/Home/AllLost/lostlist.html
INFO: [ app_init ] --START--
INFO: Run Behavior\BuildLiteBehavior [ RunTime:0.000017s ]
INFO: [ app_init ] --END-- [ RunTime:0.000922s ]
INFO: [ app_begin ] --START--
INFO: Run Behavior\ReadHtmlCacheBehavior [ RunTime:0.001089s ]
INFO: [ app_begin ] --END-- [ RunTime:0.001154s ]
SQL: SHOW COLUMNS FROM `lost` [ RunTime:0.0115s ]
SQL: SELECT * FROM `lost` ORDER BY lost_id desc LIMIT 0,5   [ RunTime:0.0010s ]
SQL: SELECT COUNT(*) AS tp_count FROM `lost` LIMIT 1   [ RunTime:0.0008s ]
INFO: [ view_parse ] --START--
INFO: [ template_filter ] --START--
INFO: Run Behavior\ContentReplaceBehavior [ RunTime:0.000069s ]
INFO: [ template_filter ] --END-- [ RunTime:0.000181s ]
INFO: Run Behavior\ParseTemplateBehavior [ RunTime:0.014958s ]
INFO: [ view_parse ] --END-- [ RunTime:0.015053s ]
INFO: [ view_filter ] --START--
INFO: Run Behavior\WriteHtmlCacheBehavior [ RunTime:0.000830s ]
INFO: [ view_filter ] --END-- [ RunTime:0.000902s ]
INFO: [ app_end ] --START--
INFO: Run Behavior\ShowPageTraceBehavior [ RunTime:0.001360s ]
INFO: [ app_end ] --END-- [ RunTime:0.001434s ]

[ 2017-05-03T17:25:16+08:00 ] ::1 /campus/index.php/Home/AllLost/lostdetail/lost_id/3.html
INFO: [ app_init ] --START--
INFO: Run Behavior\BuildLiteBehavior [ RunTime:0.000021s ]
INFO: [ app_init ] --END-- [ RunTime:0.001154s ]
INFO: [ app_begin ] --START--
INFO: Run Behavior\ReadHtmlCacheBehavior [ RunTime:0.001207s ]
INFO: [ app_begin ] --END-- [ RunTime:0.001287s ]
SQL: SHOW COLUMNS FROM `lost` [ RunTime:0.0195s ]
SQL: SELECT * FROM `lost` WHERE `lost_id` = 3 LIMIT 1   [ RunTime:0.0008s ]
INFO: [ view_parse ] --START--
INFO: [ template_filter ] --START--
INFO: Run Behavior\ContentReplaceBehavior [ RunTime:0.000059s ]
INFO: [ template_filter ] --END-- [ RunTime:0.000150s ]
INFO: Run Behavior\ParseTemplateBehavior [ RunTime:0.011796s ]
INFO: [ view_parse ] --END-- [ RunTime:0.012055s ]
INFO: [ view_filter ] --START--
INFO: Run Behavior\WriteHtmlCacheBehavior [ RunTime:0.001209s ]
INFO: [ view_filter ] --END-- [ RunTime:0.001302s ]
INFO: [ app_end ] --START--
INFO: Run Behavior\ShowPageTraceBehavior [ RunTime:0.001308s ]
INFO: [ app_end ] --END-- [ RunTime:0.001380s ]

[ 2017-05-03T17:25:38+08:00 ] ::1 /campus/index.php/Home/AllLost/lostdetail/lost_id/3.html
INFO: [ app_init ] --START--
INFO: Run Behavior\BuildLiteBehavior [ RunTime:0.000024s ]
INFO: [ app_init ] --END-- [ RunTime:0.000871s ]
INFO: [ app_begin ] --START--
INFO: Run Behavior\ReadHtmlCacheBehavior [ RunTime:0.001004s ]
INFO: [ app_begin ] --END-- [ RunTime:0.001066s ]
SQL: SHOW COLUMNS FROM `lost` [ RunTime:0.0196s ]
SQL: SELECT * FROM `lost` WHERE `lost_id` = 3 LIMIT 1   [ RunTime:0.0009s ]
INFO: [ view_parse ] --START--
INFO: [ template_filter ] --START--
INFO: Run Behavior\ContentReplaceBehavior [ RunTime:0.000060s ]
INFO: [ template_filter ] --END-- [ RunTime:0.000150s ]
INFO: Run Behavior\ParseTemplateBehavior [ RunTime:0.012078s ]
INFO: [ view_parse ] --END-- [ RunTime:0.012176s ]
INFO: [ view_filter ] --START--
INFO: Run Behavior\WriteHtmlCacheBehavior [ RunTime:0.000840s ]
INFO: [ view_filter ] --END-- [ RunTime:0.000911s ]
INFO: [ app_end ] --START--
INFO: Run Behavior\ShowPageTraceBehavior [ RunTime:0.001292s ]
INFO: [ app_end ] --END-- [ RunTime:0.001365s ]

[ 2017-05-03T23:56:47+08:00 ] 14.23.185.229 /ACM/official/student/index.php/home/index/login
INFO: [ app_init ] --START--
INFO: Run Behavior\BuildLiteBehavior [ RunTime:0.000010s ]
INFO: [ app_init ] --END-- [ RunTime:0.000068s ]
INFO: [ app_begin ] --START--
INFO: Run Behavior\ReadHtmlCacheBehavior [ RunTime:0.000026s ]
INFO: [ app_begin ] --END-- [ RunTime:0.000047s ]
SQL: SHOW COLUMNS FROM `user` [ RunTime:0.0007s ]
INFO: [ view_parse ] --START--
INFO: [ template_filter ] --START--
INFO: Run Behavior\ContentReplaceBehavior [ RunTime:0.000052s ]
INFO: [ template_filter ] --END-- [ RunTime:0.000101s ]
INFO: Run Behavior\ParseTemplateBehavior [ RunTime:0.011805s ]
INFO: [ view_parse ] --END-- [ RunTime:0.011831s ]
INFO: [ view_filter ] --START--
INFO: Run Behavior\WriteHtmlCacheBehavior [ RunTime:0.003146s ]
INFO: [ view_filter ] --END-- [ RunTime:0.003175s ]
INFO: [ app_end ] --START--
INFO: Run Behavior\ShowPageTraceBehavior [ RunTime:0.001700s ]
INFO: [ app_end ] --END-- [ RunTime:0.001728s ]

[ 2017-05-03T23:57:43+08:00 ] 14.23.185.229 /ACM/official/student/index.php/Home/Index/getCodeAjax.html
INFO: [ app_init ] --START--
INFO: Run Behavior\BuildLiteBehavior [ RunTime:0.000009s ]
INFO: [ app_init ] --END-- [ RunTime:0.000063s ]
INFO: [ app_begin ] --START--
INFO: Run Behavior\ReadHtmlCacheBehavior [ RunTime:0.000024s ]
INFO: [ app_begin ] --END-- [ RunTime:0.000042s ]
SQL: SHOW COLUMNS FROM `user` [ RunTime:0.0006s ]
SQL: SHOW COLUMNS FROM `user` [ RunTime:0.0004s ]
SQL: SELECT * FROM `user` WHERE `user_mobile` = '15819064843' LIMIT 1   [ RunTime:0.0002s ]
ERR: 1364:Field 'user_id' doesn't have a default value
 [ SQL语句 ] : INSERT INTO `user` (`user_mobile`,`user_code`) VALUES ('15819064843','4469')
ERR: 1364:Field 'user_id' doesn't have a default value
 [ SQL语句 ] : INSERT INTO `user` (`user_mobile`,`user_code`) VALUES ('15819064843','4469')

[ 2017-05-03T23:57:57+08:00 ] 14.23.185.229 /ACM/official/student/index.php/Home/Index/getCodeAjax.html
INFO: [ app_init ] --START--
INFO: Run Behavior\BuildLiteBehavior [ RunTime:0.000010s ]
INFO: [ app_init ] --END-- [ RunTime:0.000085s ]
INFO: [ app_begin ] --START--
INFO: Run Behavior\ReadHtmlCacheBehavior [ RunTime:0.000037s ]
INFO: [ app_begin ] --END-- [ RunTime:0.000064s ]
SQL: SHOW COLUMNS FROM `user` [ RunTime:0.0007s ]
SQL: SHOW COLUMNS FROM `user` [ RunTime:0.0006s ]
SQL: SELECT * FROM `user` WHERE `user_mobile` = '15819064843' LIMIT 1   [ RunTime:0.0003s ]
ERR: 1364:Field 'user_id' doesn't have a default value
 [ SQL语句 ] : INSERT INTO `user` (`user_mobile`,`user_code`) VALUES ('15819064843','9474')
ERR: 1364:Field 'user_id' doesn't have a default value
 [ SQL语句 ] : INSERT INTO `user` (`user_mobile`,`user_code`) VALUES ('15819064843','9474')

[ 2017-05-03T23:58:08+08:00 ] 14.23.185.229 /ACM/official/student/index.php/Home/Index/getCodeAjax.html
INFO: [ app_init ] --START--
INFO: Run Behavior\BuildLiteBehavior [ RunTime:0.000010s ]
INFO: [ app_init ] --END-- [ RunTime:0.000068s ]
INFO: [ app_begin ] --START--
INFO: Run Behavior\ReadHtmlCacheBehavior [ RunTime:0.000024s ]
INFO: [ app_begin ] --END-- [ RunTime:0.000045s ]
SQL: SHOW COLUMNS FROM `user` [ RunTime:0.0006s ]
SQL: SHOW COLUMNS FROM `user` [ RunTime:0.0003s ]
SQL: SELECT * FROM `user` WHERE `user_mobile` = '15819064843' LIMIT 1   [ RunTime:0.0002s ]
ERR: 1364:Field 'user_id' doesn't have a default value
 [ SQL语句 ] : INSERT INTO `user` (`user_mobile`,`user_code`) VALUES ('15819064843','8306')
ERR: 1364:Field 'user_id' doesn't have a default value
 [ SQL语句 ] : INSERT INTO `user` (`user_mobile`,`user_code`) VALUES ('15819064843','8306')

[ 2017-05-03T23:58:08+08:00 ] 14.23.185.229 /ACM/official/student/index.php/Home/Index/getCodeAjax.html
INFO: [ app_init ] --START--
INFO: Run Behavior\BuildLiteBehavior [ RunTime:0.000008s ]
INFO: [ app_init ] --END-- [ RunTime:0.000052s ]
INFO: [ app_begin ] --START--
INFO: Run Behavior\ReadHtmlCacheBehavior [ RunTime:0.000019s ]
INFO: [ app_begin ] --END-- [ RunTime:0.000040s ]
SQL: SHOW COLUMNS FROM `user` [ RunTime:0.0006s ]
SQL: SHOW COLUMNS FROM `user` [ RunTime:0.0003s ]
SQL: SELECT * FROM `user` WHERE `user_mobile` = '15819064843' LIMIT 1   [ RunTime:0.0002s ]
ERR: 1364:Field 'user_id' doesn't have a default value
 [ SQL语句 ] : INSERT INTO `user` (`user_mobile`,`user_code`) VALUES ('15819064843','2808')
ERR: 1364:Field 'user_id' doesn't have a default value
 [ SQL语句 ] : INSERT INTO `user` (`user_mobile`,`user_code`) VALUES ('15819064843','2808')

[ 2017-05-03T23:58:20+08:00 ] 14.23.185.229 /ACM/official/student/index.php/Home/Index/getCodeAjax.html
INFO: [ app_init ] --START--
INFO: Run Behavior\BuildLiteBehavior [ RunTime:0.000009s ]
INFO: [ app_init ] --END-- [ RunTime:0.000070s ]
INFO: [ app_begin ] --START--
INFO: Run Behavior\ReadHtmlCacheBehavior [ RunTime:0.000025s ]
INFO: [ app_begin ] --END-- [ RunTime:0.000045s ]
SQL: SHOW COLUMNS FROM `user` [ RunTime:0.0006s ]
SQL: SHOW COLUMNS FROM `user` [ RunTime:0.0004s ]
SQL: SELECT * FROM `user` WHERE `user_mobile` = '15819064843' LIMIT 1   [ RunTime:0.0002s ]
ERR: 1364:Field 'user_id' doesn't have a default value
 [ SQL语句 ] : INSERT INTO `user` (`user_mobile`,`user_code`) VALUES ('15819064843','4100')
ERR: 1364:Field 'user_id' doesn't have a default value
 [ SQL语句 ] : INSERT INTO `user` (`user_mobile`,`user_code`) VALUES ('15819064843','4100')

[ 2017-05-03T23:58:20+08:00 ] 14.23.185.229 /ACM/official/student/index.php/Home/Index/getCodeAjax.html
INFO: [ app_init ] --START--
INFO: Run Behavior\BuildLiteBehavior [ RunTime:0.000009s ]
INFO: [ app_init ] --END-- [ RunTime:0.000056s ]
INFO: [ app_begin ] --START--
INFO: Run Behavior\ReadHtmlCacheBehavior [ RunTime:0.000018s ]
INFO: [ app_begin ] --END-- [ RunTime:0.000039s ]
SQL: SHOW COLUMNS FROM `user` [ RunTime:0.0006s ]
SQL: SHOW COLUMNS FROM `user` [ RunTime:0.0004s ]
SQL: SELECT * FROM `user` WHERE `user_mobile` = '15819064843' LIMIT 1   [ RunTime:0.0002s ]
ERR: 1364:Field 'user_id' doesn't have a default value
 [ SQL语句 ] : INSERT INTO `user` (`user_mobile`,`user_code`) VALUES ('15819064843','9554')
ERR: 1364:Field 'user_id' doesn't have a default value
 [ SQL语句 ] : INSERT INTO `user` (`user_mobile`,`user_code`) VALUES ('15819064843','9554')

[ 2017-05-03T23:58:20+08:00 ] 14.23.185.229 /ACM/official/student/index.php/Home/Index/getCodeAjax.html
INFO: [ app_init ] --START--
INFO: Run Behavior\BuildLiteBehavior [ RunTime:0.000010s ]
INFO: [ app_init ] --END-- [ RunTime:0.000061s ]
INFO: [ app_begin ] --START--
INFO: Run Behavior\ReadHtmlCacheBehavior [ RunTime:0.000018s ]
INFO: [ app_begin ] --END-- [ RunTime:0.000037s ]
SQL: SHOW COLUMNS FROM `user` [ RunTime:0.0006s ]
SQL: SHOW COLUMNS FROM `user` [ RunTime:0.0003s ]
SQL: SELECT * FROM `user` WHERE `user_mobile` = '15819064843' LIMIT 1   [ RunTime:0.0002s ]
ERR: 1364:Field 'user_id' doesn't have a default value
 [ SQL语句 ] : INSERT INTO `user` (`user_mobile`,`user_code`) VALUES ('15819064843','5202')
ERR: 1364:Field 'user_id' doesn't have a default value
 [ SQL语句 ] : INSERT INTO `user` (`user_mobile`,`user_code`) VALUES ('15819064843','5202')

[ 2017-05-03T23:58:21+08:00 ] 14.23.185.229 /ACM/official/student/index.php/Home/Index/getCodeAjax.html
INFO: [ app_init ] --START--
INFO: Run Behavior\BuildLiteBehavior [ RunTime:0.000009s ]
INFO: [ app_init ] --END-- [ RunTime:0.000059s ]
INFO: [ app_begin ] --START--
INFO: Run Behavior\ReadHtmlCacheBehavior [ RunTime:0.000019s ]
INFO: [ app_begin ] --END-- [ RunTime:0.000039s ]
SQL: SHOW COLUMNS FROM `user` [ RunTime:0.0006s ]
SQL: SHOW COLUMNS FROM `user` [ RunTime:0.0004s ]
SQL: SELECT * FROM `user` WHERE `user_mobile` = '15819064843' LIMIT 1   [ RunTime:0.0002s ]
ERR: 1364:Field 'user_id' doesn't have a default value
 [ SQL语句 ] : INSERT INTO `user` (`user_mobile`,`user_code`) VALUES ('15819064843','7240')
ERR: 1364:Field 'user_id' doesn't have a default value
 [ SQL语句 ] : INSERT INTO `user` (`user_mobile`,`user_code`) VALUES ('15819064843','7240')

[ 2017-05-03T23:58:21+08:00 ] 14.23.185.229 /ACM/official/student/index.php/Home/Index/getCodeAjax.html
INFO: [ app_init ] --START--
INFO: Run Behavior\BuildLiteBehavior [ RunTime:0.000010s ]
INFO: [ app_init ] --END-- [ RunTime:0.000057s ]
INFO: [ app_begin ] --START--
INFO: Run Behavior\ReadHtmlCacheBehavior [ RunTime:0.000019s ]
INFO: [ app_begin ] --END-- [ RunTime:0.000040s ]
SQL: SHOW COLUMNS FROM `user` [ RunTime:0.0006s ]
SQL: SHOW COLUMNS FROM `user` [ RunTime:0.0003s ]
SQL: SELECT * FROM `user` WHERE `user_mobile` = '15819064843' LIMIT 1   [ RunTime:0.0002s ]
ERR: 1364:Field 'user_id' doesn't have a default value
 [ SQL语句 ] : INSERT INTO `user` (`user_mobile`,`user_code`) VALUES ('15819064843','7437')
ERR: 1364:Field 'user_id' doesn't have a default value
 [ SQL语句 ] : INSERT INTO `user` (`user_mobile`,`user_code`) VALUES ('15819064843','7437')

[ 2017-05-03T23:58:21+08:00 ] 14.23.185.229 /ACM/official/student/index.php/Home/Index/getCodeAjax.html
INFO: [ app_init ] --START--
INFO: Run Behavior\BuildLiteBehavior [ RunTime:0.000012s ]
INFO: [ app_init ] --END-- [ RunTime:0.000078s ]
INFO: [ app_begin ] --START--
INFO: Run Behavior\ReadHtmlCacheBehavior [ RunTime:0.000027s ]
INFO: [ app_begin ] --END-- [ RunTime:0.000054s ]
SQL: SHOW COLUMNS FROM `user` [ RunTime:0.0006s ]
SQL: SHOW COLUMNS FROM `user` [ RunTime:0.0003s ]
SQL: SELECT * FROM `user` WHERE `user_mobile` = '15819064843' LIMIT 1   [ RunTime:0.0002s ]
ERR: 1364:Field 'user_id' doesn't have a default value
 [ SQL语句 ] : INSERT INTO `user` (`user_mobile`,`user_code`) VALUES ('15819064843','4626')
ERR: 1364:Field 'user_id' doesn't have a default value
 [ SQL语句 ] : INSERT INTO `user` (`user_mobile`,`user_code`) VALUES ('15819064843','4626')

[ 2017-05-03T23:58:22+08:00 ] 14.23.185.229 /ACM/official/student/index.php/Home/Index/getCodeAjax.html
INFO: [ app_init ] --START--
INFO: Run Behavior\BuildLiteBehavior [ RunTime:0.000008s ]
INFO: [ app_init ] --END-- [ RunTime:0.000058s ]
INFO: [ app_begin ] --START--
INFO: Run Behavior\ReadHtmlCacheBehavior [ RunTime:0.000018s ]
INFO: [ app_begin ] --END-- [ RunTime:0.000037s ]
SQL: SHOW COLUMNS FROM `user` [ RunTime:0.0006s ]
SQL: SHOW COLUMNS FROM `user` [ RunTime:0.0003s ]
SQL: SELECT * FROM `user` WHERE `user_mobile` = '15819064843' LIMIT 1   [ RunTime:0.0002s ]
ERR: 1364:Field 'user_id' doesn't have a default value
 [ SQL语句 ] : INSERT INTO `user` (`user_mobile`,`user_code`) VALUES ('15819064843','6102')
ERR: 1364:Field 'user_id' doesn't have a default value
 [ SQL语句 ] : INSERT INTO `user` (`user_mobile`,`user_code`) VALUES ('15819064843','6102')

[ 2017-05-03T23:58:22+08:00 ] 14.23.185.229 /ACM/official/student/index.php/Home/Index/getCodeAjax.html
INFO: [ app_init ] --START--
INFO: Run Behavior\BuildLiteBehavior [ RunTime:0.000010s ]
INFO: [ app_init ] --END-- [ RunTime:0.000062s ]
INFO: [ app_begin ] --START--
INFO: Run Behavior\ReadHtmlCacheBehavior [ RunTime:0.000019s ]
INFO: [ app_begin ] --END-- [ RunTime:0.000038s ]
SQL: SHOW COLUMNS FROM `user` [ RunTime:0.0006s ]
SQL: SHOW COLUMNS FROM `user` [ RunTime:0.0004s ]
SQL: SELECT * FROM `user` WHERE `user_mobile` = '15819064843' LIMIT 1   [ RunTime:0.0002s ]
ERR: 1364:Field 'user_id' doesn't have a default value
 [ SQL语句 ] : INSERT INTO `user` (`user_mobile`,`user_code`) VALUES ('15819064843','7408')
ERR: 1364:Field 'user_id' doesn't have a default value
 [ SQL语句 ] : INSERT INTO `user` (`user_mobile`,`user_code`) VALUES ('15819064843','7408')

[ 2017-05-03T23:58:22+08:00 ] 14.23.185.229 /ACM/official/student/index.php/Home/Index/getCodeAjax.html
INFO: [ app_init ] --START--
INFO: Run Behavior\BuildLiteBehavior [ RunTime:0.000013s ]
INFO: [ app_init ] --END-- [ RunTime:0.000086s ]
INFO: [ app_begin ] --START--
INFO: Run Behavior\ReadHtmlCacheBehavior [ RunTime:0.000031s ]
INFO: [ app_begin ] --END-- [ RunTime:0.000064s ]
SQL: SHOW COLUMNS FROM `user` [ RunTime:0.0007s ]
SQL: SHOW COLUMNS FROM `user` [ RunTime:0.0003s ]
SQL: SELECT * FROM `user` WHERE `user_mobile` = '15819064843' LIMIT 1   [ RunTime:0.0002s ]
ERR: 1364:Field 'user_id' doesn't have a default value
 [ SQL语句 ] : INSERT INTO `user` (`user_mobile`,`user_code`) VALUES ('15819064843','7276')
ERR: 1364:Field 'user_id' doesn't have a default value
 [ SQL语句 ] : INSERT INTO `user` (`user_mobile`,`user_code`) VALUES ('15819064843','7276')

[ 2017-05-03T23:58:22+08:00 ] 14.23.185.229 /ACM/official/student/index.php/Home/Index/getCodeAjax.html
INFO: [ app_init ] --START--
INFO: Run Behavior\BuildLiteBehavior [ RunTime:0.000009s ]
INFO: [ app_init ] --END-- [ RunTime:0.000059s ]
INFO: [ app_begin ] --START--
INFO: Run Behavior\ReadHtmlCacheBehavior [ RunTime:0.000018s ]
INFO: [ app_begin ] --END-- [ RunTime:0.000038s ]
SQL: SHOW COLUMNS FROM `user` [ RunTime:0.0006s ]
SQL: SHOW COLUMNS FROM `user` [ RunTime:0.0004s ]
SQL: SELECT * FROM `user` WHERE `user_mobile` = '15819064843' LIMIT 1   [ RunTime:0.0002s ]
ERR: 1364:Field 'user_id' doesn't have a default value
 [ SQL语句 ] : INSERT INTO `user` (`user_mobile`,`user_code`) VALUES ('15819064843','8070')
ERR: 1364:Field 'user_id' doesn't have a default value
 [ SQL语句 ] : INSERT INTO `user` (`user_mobile`,`user_code`) VALUES ('15819064843','8070')

[ 2017-05-03T23:58:23+08:00 ] 14.23.185.229 /ACM/official/student/index.php/Home/Index/getCodeAjax.html
INFO: [ app_init ] --START--
INFO: Run Behavior\BuildLiteBehavior [ RunTime:0.000010s ]
INFO: [ app_init ] --END-- [ RunTime:0.000073s ]
INFO: [ app_begin ] --START--
INFO: Run Behavior\ReadHtmlCacheBehavior [ RunTime:0.000026s ]
INFO: [ app_begin ] --END-- [ RunTime:0.000046s ]
SQL: SHOW COLUMNS FROM `user` [ RunTime:0.0007s ]
SQL: SHOW COLUMNS FROM `user` [ RunTime:0.0003s ]
SQL: SELECT * FROM `user` WHERE `user_mobile` = '15819064843' LIMIT 1   [ RunTime:0.0002s ]
ERR: 1364:Field 'user_id' doesn't have a default value
 [ SQL语句 ] : INSERT INTO `user` (`user_mobile`,`user_code`) VALUES ('15819064843','8944')
ERR: 1364:Field 'user_id' doesn't have a default value
 [ SQL语句 ] : INSERT INTO `user` (`user_mobile`,`user_code`) VALUES ('15819064843','8944')

[ 2017-05-03T23:59:54+08:00 ] 14.23.185.229 /ACM/official/student/index.php/Home/Index/getCodeAjax.html
INFO: [ app_init ] --START--
INFO: Run Behavior\BuildLiteBehavior [ RunTime:0.000010s ]
INFO: [ app_init ] --END-- [ RunTime:0.000072s ]
INFO: [ app_begin ] --START--
INFO: Run Behavior\ReadHtmlCacheBehavior [ RunTime:0.000037s ]
INFO: [ app_begin ] --END-- [ RunTime:0.000058s ]
SQL: SHOW COLUMNS FROM `user` [ RunTime:0.0006s ]
SQL: SHOW COLUMNS FROM `user` [ RunTime:0.0003s ]
SQL: SELECT * FROM `user` WHERE `user_mobile` = '15819064843' LIMIT 1   [ RunTime:0.0002s ]
ERR: 1364:Field 'user_id' doesn't have a default value
 [ SQL语句 ] : INSERT INTO `user` (`user_mobile`,`user_code`) VALUES ('15819064843','9293')
ERR: 1364:Field 'user_id' doesn't have a default value
 [ SQL语句 ] : INSERT INTO `user` (`user_mobile`,`user_code`) VALUES ('15819064843','9293')

[ 2017-05-03T23:59:54+08:00 ] 14.23.185.229 /ACM/official/student/index.php/Home/Index/getCodeAjax.html
INFO: [ app_init ] --START--
INFO: Run Behavior\BuildLiteBehavior [ RunTime:0.000010s ]
INFO: [ app_init ] --END-- [ RunTime:0.000071s ]
INFO: [ app_begin ] --START--
INFO: Run Behavior\ReadHtmlCacheBehavior [ RunTime:0.000018s ]
INFO: [ app_begin ] --END-- [ RunTime:0.000038s ]
SQL: SHOW COLUMNS FROM `user` [ RunTime:0.0006s ]
SQL: SHOW COLUMNS FROM `user` [ RunTime:0.0003s ]
SQL: SELECT * FROM `user` WHERE `user_mobile` = '15819064843' LIMIT 1   [ RunTime:0.0002s ]
ERR: 1364:Field 'user_id' doesn't have a default value
 [ SQL语句 ] : INSERT INTO `user` (`user_mobile`,`user_code`) VALUES ('15819064843','4215')
ERR: 1364:Field 'user_id' doesn't have a default value
 [ SQL语句 ] : INSERT INTO `user` (`user_mobile`,`user_code`) VALUES ('15819064843','4215')

[ 2017-05-03T23:59:55+08:00 ] 14.23.185.229 /ACM/official/student/index.php/Home/Index/getCodeAjax.html
INFO: [ app_init ] --START--
INFO: Run Behavior\BuildLiteBehavior [ RunTime:0.000011s ]
INFO: [ app_init ] --END-- [ RunTime:0.000075s ]
INFO: [ app_begin ] --START--
INFO: Run Behavior\ReadHtmlCacheBehavior [ RunTime:0.000027s ]
INFO: [ app_begin ] --END-- [ RunTime:0.000055s ]
SQL: SHOW COLUMNS FROM `user` [ RunTime:0.0009s ]
SQL: SHOW COLUMNS FROM `user` [ RunTime:0.0005s ]
SQL: SELECT * FROM `user` WHERE `user_mobile` = '15819064843' LIMIT 1   [ RunTime:0.0003s ]
ERR: 1364:Field 'user_id' doesn't have a default value
 [ SQL语句 ] : INSERT INTO `user` (`user_mobile`,`user_code`) VALUES ('15819064843','6196')
ERR: 1364:Field 'user_id' doesn't have a default value
 [ SQL语句 ] : INSERT INTO `user` (`user_mobile`,`user_code`) VALUES ('15819064843','6196')

[ 2017-05-03T23:59:55+08:00 ] 14.23.185.229 /ACM/official/student/index.php/Home/Index/getCodeAjax.html
INFO: [ app_init ] --START--
INFO: Run Behavior\BuildLiteBehavior [ RunTime:0.000013s ]
INFO: [ app_init ] --END-- [ RunTime:0.000079s ]
INFO: [ app_begin ] --START--
INFO: Run Behavior\ReadHtmlCacheBehavior [ RunTime:0.000027s ]
INFO: [ app_begin ] --END-- [ RunTime:0.000055s ]
SQL: SHOW COLUMNS FROM `user` [ RunTime:0.0007s ]
SQL: SHOW COLUMNS FROM `user` [ RunTime:0.0005s ]
SQL: SELECT * FROM `user` WHERE `user_mobile` = '15819064843' LIMIT 1   [ RunTime:0.0003s ]
ERR: 1364:Field 'user_id' doesn't have a default value
 [ SQL语句 ] : INSERT INTO `user` (`user_mobile`,`user_code`) VALUES ('15819064843','3389')
ERR: 1364:Field 'user_id' doesn't have a default value
 [ SQL语句 ] : INSERT INTO `user` (`user_mobile`,`user_code`) VALUES ('15819064843','3389')

[ 2017-05-03T23:59:55+08:00 ] 14.23.185.229 /ACM/official/student/index.php/Home/Index/getCodeAjax.html
INFO: [ app_init ] --START--
INFO: Run Behavior\BuildLiteBehavior [ RunTime:0.000009s ]
INFO: [ app_init ] --END-- [ RunTime:0.000058s ]
INFO: [ app_begin ] --START--
INFO: Run Behavior\ReadHtmlCacheBehavior [ RunTime:0.000018s ]
INFO: [ app_begin ] --END-- [ RunTime:0.000038s ]
SQL: SHOW COLUMNS FROM `user` [ RunTime:0.0006s ]
SQL: SHOW COLUMNS FROM `user` [ RunTime:0.0003s ]
SQL: SELECT * FROM `user` WHERE `user_mobile` = '15819064843' LIMIT 1   [ RunTime:0.0002s ]
ERR: 1364:Field 'user_id' doesn't have a default value
 [ SQL语句 ] : INSERT INTO `user` (`user_mobile`,`user_code`) VALUES ('15819064843','2134')
ERR: 1364:Field 'user_id' doesn't have a default value
 [ SQL语句 ] : INSERT INTO `user` (`user_mobile`,`user_code`) VALUES ('15819064843','2134')

[ 2017-05-03T23:59:55+08:00 ] 14.23.185.229 /ACM/official/student/index.php/Home/Index/getCodeAjax.html
INFO: [ app_init ] --START--
INFO: Run Behavior\BuildLiteBehavior [ RunTime:0.000013s ]
INFO: [ app_init ] --END-- [ RunTime:0.000083s ]
INFO: [ app_begin ] --START--
INFO: Run Behavior\ReadHtmlCacheBehavior [ RunTime:0.000029s ]
INFO: [ app_begin ] --END-- [ RunTime:0.000060s ]
SQL: SHOW COLUMNS FROM `user` [ RunTime:0.0008s ]
SQL: SHOW COLUMNS FROM `user` [ RunTime:0.0004s ]
SQL: SELECT * FROM `user` WHERE `user_mobile` = '15819064843' LIMIT 1   [ RunTime:0.0002s ]
ERR: 1364:Field 'user_id' doesn't have a default value
 [ SQL语句 ] : INSERT INTO `user` (`user_mobile`,`user_code`) VALUES ('15819064843','5301')
ERR: 1364:Field 'user_id' doesn't have a default value
 [ SQL语句 ] : INSERT INTO `user` (`user_mobile`,`user_code`) VALUES ('15819064843','5301')

[ 2017-05-03T23:59:55+08:00 ] 14.23.185.229 /ACM/official/student/index.php/Home/Index/getCodeAjax.html
INFO: [ app_init ] --START--
INFO: Run Behavior\BuildLiteBehavior [ RunTime:0.000011s ]
INFO: [ app_init ] --END-- [ RunTime:0.000072s ]
INFO: [ app_begin ] --START--
INFO: Run Behavior\ReadHtmlCacheBehavior [ RunTime:0.000025s ]
INFO: [ app_begin ] --END-- [ RunTime:0.000050s ]
SQL: SHOW COLUMNS FROM `user` [ RunTime:0.0007s ]
SQL: SHOW COLUMNS FROM `user` [ RunTime:0.0004s ]
SQL: SELECT * FROM `user` WHERE `user_mobile` = '15819064843' LIMIT 1   [ RunTime:0.0003s ]
ERR: 1364:Field 'user_id' doesn't have a default value
 [ SQL语句 ] : INSERT INTO `user` (`user_mobile`,`user_code`) VALUES ('15819064843','2044')
ERR: 1364:Field 'user_id' doesn't have a default value
 [ SQL语句 ] : INSERT INTO `user` (`user_mobile`,`user_code`) VALUES ('15819064843','2044')

[ 2017-05-03T23:59:55+08:00 ] 14.23.185.229 /ACM/official/student/index.php/Home/Index/getCodeAjax.html
INFO: [ app_init ] --START--
INFO: Run Behavior\BuildLiteBehavior [ RunTime:0.000011s ]
INFO: [ app_init ] --END-- [ RunTime:0.000072s ]
INFO: [ app_begin ] --START--
INFO: Run Behavior\ReadHtmlCacheBehavior [ RunTime:0.000025s ]
INFO: [ app_begin ] --END-- [ RunTime:0.000051s ]
SQL: SHOW COLUMNS FROM `user` [ RunTime:0.0010s ]
SQL: SHOW COLUMNS FROM `user` [ RunTime:0.0004s ]
SQL: SELECT * FROM `user` WHERE `user_mobile` = '15819064843' LIMIT 1   [ RunTime:0.0002s ]
ERR: 1364:Field 'user_id' doesn't have a default value
 [ SQL语句 ] : INSERT INTO `user` (`user_mobile`,`user_code`) VALUES ('15819064843','1241')
ERR: 1364:Field 'user_id' doesn't have a default value
 [ SQL语句 ] : INSERT INTO `user` (`user_mobile`,`user_code`) VALUES ('15819064843','1241')

[ 2017-05-03T23:59:55+08:00 ] 14.23.185.229 /ACM/official/student/index.php/Home/Index/getCodeAjax.html
INFO: [ app_init ] --START--
INFO: Run Behavior\BuildLiteBehavior [ RunTime:0.000013s ]
INFO: [ app_init ] --END-- [ RunTime:0.000084s ]
INFO: [ app_begin ] --START--
INFO: Run Behavior\ReadHtmlCacheBehavior [ RunTime:0.000031s ]
INFO: [ app_begin ] --END-- [ RunTime:0.000063s ]
SQL: SHOW COLUMNS FROM `user` [ RunTime:0.0006s ]
SQL: SHOW COLUMNS FROM `user` [ RunTime:0.0003s ]
SQL: SELECT * FROM `user` WHERE `user_mobile` = '15819064843' LIMIT 1   [ RunTime:0.0002s ]
ERR: 1364:Field 'user_id' doesn't have a default value
 [ SQL语句 ] : INSERT INTO `user` (`user_mobile`,`user_code`) VALUES ('15819064843','3202')
ERR: 1364:Field 'user_id' doesn't have a default value
 [ SQL语句 ] : INSERT INTO `user` (`user_mobile`,`user_code`) VALUES ('15819064843','3202')

