[ 2017-07-27T20:41:04+08:00 ] 183.55.28.37 /ACM/official/lost_found/pendingorder
INFO: [ app_init ] --START--
INFO: Run Behavior\BuildLiteBehavior [ RunTime:0.000009s ]
INFO: [ app_init ] --END-- [ RunTime:0.000061s ]
ERR: 无法加载模块:Pendingorder

[ 2017-07-27T20:42:54+08:00 ] 183.55.28.37 /ACM/official/lost_found/pendingorder
INFO: [ app_init ] --START--
INFO: Run Behavior\BuildLiteBehavior [ RunTime:0.000012s ]
INFO: [ app_init ] --END-- [ RunTime:0.000073s ]
ERR: 无法加载模块:Pendingorder

[ 2017-07-27T20:43:04+08:00 ] 101.226.125.104 /ACM/official/lost_found/pendingorder
INFO: [ app_init ] --START--
INFO: Run Behavior\BuildLiteBehavior [ RunTime:0.000010s ]
INFO: [ app_init ] --END-- [ RunTime:0.000064s ]
ERR: 无法加载模块:Pendingorder

[ 2017-07-27T20:48:21+08:00 ] 183.52.171.69 /ACM/official/lost_found/pendingorder
INFO: [ app_init ] --START--
INFO: Run Behavior\BuildLiteBehavior [ RunTime:0.000008s ]
INFO: [ app_init ] --END-- [ RunTime:0.000062s ]
ERR: 无法加载模块:Pendingorder

