[ 2017-07-30T02:52:44+08:00 ] 223.104.64.63 /ACM/official/lost_found/BackgroundAdmin/SchoolmateMien/showNewsPage.html
INFO: [ app_init ] --START--
INFO: Run Behavior\BuildLiteBehavior [ RunTime:0.000009s ]
INFO: [ app_init ] --END-- [ RunTime:0.000061s ]
ERR: 无法加载模块:BackgroundAdmin

[ 2017-07-30T02:52:53+08:00 ] 223.104.64.63 /ACM/official/lost_found/BackgroundAdmin/SchoolmateMien/showNewsPage.html
INFO: [ app_init ] --START--
INFO: Run Behavior\BuildLiteBehavior [ RunTime:0.000013s ]
INFO: [ app_init ] --END-- [ RunTime:0.000083s ]
ERR: 无法加载模块:BackgroundAdmin

[ 2017-07-30T02:54:08+08:00 ] 223.104.64.63 /ACM/official/lost_found/BackgroundAdmin/SchoolmateMien/showNewsPage.html
INFO: [ app_init ] --START--
INFO: Run Behavior\BuildLiteBehavior [ RunTime:0.000009s ]
INFO: [ app_init ] --END-- [ RunTime:0.000061s ]
ERR: 无法加载模块:BackgroundAdmin

[ 2017-07-30T02:54:23+08:00 ] 223.104.64.63 /ACM/official/lost_found/BackgroundAdmin/SchoolmateMien/showNewsPage.html
INFO: [ app_init ] --START--
INFO: Run Behavior\BuildLiteBehavior [ RunTime:0.000012s ]
INFO: [ app_init ] --END-- [ RunTime:0.000073s ]
ERR: 无法加载模块:BackgroundAdmin

[ 2017-07-30T02:54:27+08:00 ] 223.104.64.63 /ACM/official/lost_found/BackgroundAdmin/SchoolmateMien/showNewsPage.html
INFO: [ app_init ] --START--
INFO: Run Behavior\BuildLiteBehavior [ RunTime:0.000012s ]
INFO: [ app_init ] --END-- [ RunTime:0.000082s ]
ERR: 无法加载模块:BackgroundAdmin

[ 2017-07-30T02:58:36+08:00 ] 223.104.64.63 /ACM/official/lost_found/BackgroundAdmin/SchoolmateMien/showNewsPage.html
INFO: [ app_init ] --START--
INFO: Run Behavior\BuildLiteBehavior [ RunTime:0.000013s ]
INFO: [ app_init ] --END-- [ RunTime:0.000086s ]
ERR: 无法加载模块:BackgroundAdmin

