[ 2017-09-09T00:41:42+08:00 ] 183.6.109.13 /ACM/official/lost_found/__Public__/img/enter.jpg
INFO: [ app_init ] --START--
INFO: Run Behavior\BuildLiteBehavior [ RunTime:0.000008s ]
INFO: [ app_init ] --END-- [ RunTime:0.000051s ]
ERR: 无法加载模块:__Public__

[ 2017-09-09T00:41:42+08:00 ] 183.6.109.13 /ACM/official/lost_found/__Public__/img/lf.jpg
INFO: [ app_init ] --START--
INFO: Run Behavior\BuildLiteBehavior [ RunTime:0.000011s ]
INFO: [ app_init ] --END-- [ RunTime:0.000074s ]
ERR: 无法加载模块:__Public__

[ 2017-09-09T00:43:28+08:00 ] 183.6.109.13 /ACM/official/lost_found/__Public__/img/lf.jpg
INFO: [ app_init ] --START--
INFO: Run Behavior\BuildLiteBehavior [ RunTime:0.000008s ]
INFO: [ app_init ] --END-- [ RunTime:0.000052s ]
ERR: 无法加载模块:__Public__

[ 2017-09-09T00:43:28+08:00 ] 183.6.109.13 /ACM/official/lost_found/__Public__/img/enter.jpg
INFO: [ app_init ] --START--
INFO: Run Behavior\BuildLiteBehavior [ RunTime:0.000009s ]
INFO: [ app_init ] --END-- [ RunTime:0.000052s ]
ERR: 无法加载模块:__Public__

