[ 2017-09-16T16:35:05+08:00 ] 183.6.109.13 /ACM/official/lost_found/Public/res/favicon.icon
INFO: [ app_init ] --START--
INFO: Run Behavior\BuildLiteBehavior [ RunTime:0.000011s ]
INFO: [ app_init ] --END-- [ RunTime:0.000073s ]
INFO: [ app_begin ] --START--
INFO: Run Behavior\ReadHtmlCacheBehavior [ RunTime:0.000032s ]
INFO: [ app_begin ] --END-- [ RunTime:0.000062s ]
ERR: 无法加载控制器:Res

[ 2017-09-16T16:37:10+08:00 ] 183.6.109.13 /ACM/official/lost_found/Public/res/favicon.icon
INFO: [ app_init ] --START--
INFO: Run Behavior\BuildLiteBehavior [ RunTime:0.000008s ]
INFO: [ app_init ] --END-- [ RunTime:0.000065s ]
INFO: [ app_begin ] --START--
INFO: Run Behavior\ReadHtmlCacheBehavior [ RunTime:0.000027s ]
INFO: [ app_begin ] --END-- [ RunTime:0.000046s ]
ERR: 无法加载控制器:Res

[ 2017-09-16T19:36:36+08:00 ] 183.6.109.13 /ACM/official/lost_found/Public/res/favicon.icon
INFO: [ app_init ] --START--
INFO: Run Behavior\BuildLiteBehavior [ RunTime:0.000009s ]
INFO: [ app_init ] --END-- [ RunTime:0.000059s ]
INFO: [ app_begin ] --START--
INFO: Run Behavior\ReadHtmlCacheBehavior [ RunTime:0.000021s ]
INFO: [ app_begin ] --END-- [ RunTime:0.000042s ]
ERR: 无法加载控制器:Res

[ 2017-09-16T21:27:38+08:00 ] 183.6.109.123 /ACM/official/lost_found/Public/Upload/thumb/59bd10b1a90b0.png
INFO: [ app_init ] --START--
INFO: Run Behavior\BuildLiteBehavior [ RunTime:0.000011s ]
INFO: [ app_init ] --END-- [ RunTime:0.000075s ]

[ 2017-09-16T21:27:50+08:00 ] 183.6.109.123 /ACM/official/lost_found/Public/Upload/thumb/59bd10b1a90b0.png
INFO: [ app_init ] --START--
INFO: Run Behavior\BuildLiteBehavior [ RunTime:0.000009s ]
INFO: [ app_init ] --END-- [ RunTime:0.000059s ]

[ 2017-09-16T21:29:32+08:00 ] 183.6.109.123 /ACM/official/lost_found/Public/Upload/thumb/59bd10b1a90b0.png
INFO: [ app_init ] --START--
INFO: Run Behavior\BuildLiteBehavior [ RunTime:0.000009s ]
INFO: [ app_init ] --END-- [ RunTime:0.000060s ]

[ 2017-09-16T21:31:54+08:00 ] 183.6.109.123 /ACM/official/lost_found/Public/Upload/thumb/59bd10b1a90b0.png
INFO: [ app_init ] --START--
INFO: Run Behavior\BuildLiteBehavior [ RunTime:0.000010s ]
INFO: [ app_init ] --END-- [ RunTime:0.000060s ]

[ 2017-09-16T21:33:54+08:00 ] 183.6.109.123 /ACM/official/lost_found/Public/Upload/thumb/59bd10b1a90b0.png
INFO: [ app_init ] --START--
INFO: Run Behavior\BuildLiteBehavior [ RunTime:0.000009s ]
INFO: [ app_init ] --END-- [ RunTime:0.000060s ]

[ 2017-09-16T21:35:03+08:00 ] 183.6.109.123 /ACM/official/lost_found/Public/Upload/thumb/59bd10b1a90b0.png
INFO: [ app_init ] --START--
INFO: Run Behavior\BuildLiteBehavior [ RunTime:0.000010s ]
INFO: [ app_init ] --END-- [ RunTime:0.000097s ]

[ 2017-09-16T21:36:52+08:00 ] 183.6.109.123 /ACM/official/lost_found/Public/Upload/thumb/59bd10b1a90b0.png
INFO: [ app_init ] --START--
INFO: Run Behavior\BuildLiteBehavior [ RunTime:0.000009s ]
INFO: [ app_init ] --END-- [ RunTime:0.000054s ]

[ 2017-09-16T21:38:32+08:00 ] 183.6.109.123 /ACM/official/lost_found/Public/Upload/thumb/59bd10b1a90b0.png
INFO: [ app_init ] --START--
INFO: Run Behavior\BuildLiteBehavior [ RunTime:0.000008s ]
INFO: [ app_init ] --END-- [ RunTime:0.000053s ]

[ 2017-09-16T21:44:50+08:00 ] 183.6.109.123 /ACM/official/lost_found/Public/Upload/thumb/59bd10b1a90b0.png
INFO: [ app_init ] --START--
INFO: Run Behavior\BuildLiteBehavior [ RunTime:0.000009s ]
INFO: [ app_init ] --END-- [ RunTime:0.000060s ]

[ 2017-09-16T21:44:56+08:00 ] 183.6.109.123 /ACM/official/lost_found/Public/Upload/thumb/59bd10b1a90b0.png
INFO: [ app_init ] --START--
INFO: Run Behavior\BuildLiteBehavior [ RunTime:0.000009s ]
INFO: [ app_init ] --END-- [ RunTime:0.000060s ]

[ 2017-09-16T21:45:14+08:00 ] 183.6.109.123 /ACM/official/lost_found/Public/Upload/thumb/59bd10b1a90b0.png
INFO: [ app_init ] --START--
INFO: Run Behavior\BuildLiteBehavior [ RunTime:0.000009s ]
INFO: [ app_init ] --END-- [ RunTime:0.000060s ]

[ 2017-09-16T21:45:19+08:00 ] 183.6.109.123 /ACM/official/lost_found/Public/Upload/thumb/59bd10b1a90b0.png
INFO: [ app_init ] --START--
INFO: Run Behavior\BuildLiteBehavior [ RunTime:0.000012s ]
INFO: [ app_init ] --END-- [ RunTime:0.000074s ]

[ 2017-09-16T21:46:29+08:00 ] 183.6.109.123 /ACM/official/lost_found/Public/Upload/thumb/59bd10b1a90b0.png
INFO: [ app_init ] --START--
INFO: Run Behavior\BuildLiteBehavior [ RunTime:0.000008s ]
INFO: [ app_init ] --END-- [ RunTime:0.000053s ]

[ 2017-09-16T21:46:32+08:00 ] 183.6.109.123 /ACM/official/lost_found/Public/Upload/thumb/59bd10b1a90b0.png
INFO: [ app_init ] --START--
INFO: Run Behavior\BuildLiteBehavior [ RunTime:0.000009s ]
INFO: [ app_init ] --END-- [ RunTime:0.000060s ]

[ 2017-09-16T21:48:25+08:00 ] 183.6.109.123 /ACM/official/lost_found/Public/Upload/thumb/59bd10b1a90b0.png
INFO: [ app_init ] --START--
INFO: Run Behavior\BuildLiteBehavior [ RunTime:0.000009s ]
INFO: [ app_init ] --END-- [ RunTime:0.000060s ]

[ 2017-09-16T21:55:31+08:00 ] 183.6.109.123 /ACM/official/lost_found/Public/Upload/thumb/59bd10b1a90b0.png
INFO: [ app_init ] --START--
INFO: Run Behavior\BuildLiteBehavior [ RunTime:0.000009s ]
INFO: [ app_init ] --END-- [ RunTime:0.000061s ]

[ 2017-09-16T21:57:43+08:00 ] 183.6.109.123 /ACM/official/lost_found/Public/Upload/thumb/59bd10b1a90b0.png
INFO: [ app_init ] --START--
INFO: Run Behavior\BuildLiteBehavior [ RunTime:0.000009s ]
INFO: [ app_init ] --END-- [ RunTime:0.000057s ]

[ 2017-09-16T21:59:12+08:00 ] 183.6.109.123 /ACM/official/lost_found/Public/Upload/thumb/59bd10b1a90b0.png
INFO: [ app_init ] --START--
INFO: Run Behavior\BuildLiteBehavior [ RunTime:0.000009s ]
INFO: [ app_init ] --END-- [ RunTime:0.000059s ]

[ 2017-09-16T22:05:57+08:00 ] 183.6.109.123 /ACM/official/lost_found/Public/Upload/thumb/59bd10b1a90b0.png
INFO: [ app_init ] --START--
INFO: Run Behavior\BuildLiteBehavior [ RunTime:0.000009s ]
INFO: [ app_init ] --END-- [ RunTime:0.000058s ]

[ 2017-09-16T22:06:17+08:00 ] 183.6.109.123 /ACM/official/lost_found/Public/Upload/thumb/59bd10b1a90b0.png
INFO: [ app_init ] --START--
INFO: Run Behavior\BuildLiteBehavior [ RunTime:0.000009s ]
INFO: [ app_init ] --END-- [ RunTime:0.000059s ]

[ 2017-09-16T22:06:20+08:00 ] 183.6.109.123 /ACM/official/lost_found/Public/Upload/thumb/59bd10b1a90b0.png
INFO: [ app_init ] --START--
INFO: Run Behavior\BuildLiteBehavior [ RunTime:0.000008s ]
INFO: [ app_init ] --END-- [ RunTime:0.000052s ]

[ 2017-09-16T22:06:23+08:00 ] 183.6.109.123 /ACM/official/lost_found/Public/Upload/thumb/59bd10b1a90b0.png
INFO: [ app_init ] --START--
INFO: Run Behavior\BuildLiteBehavior [ RunTime:0.000011s ]
INFO: [ app_init ] --END-- [ RunTime:0.000074s ]

[ 2017-09-16T22:06:37+08:00 ] 183.6.109.123 /ACM/official/lost_found/Public/Upload/thumb/59bd10b1a90b0.png
INFO: [ app_init ] --START--
INFO: Run Behavior\BuildLiteBehavior [ RunTime:0.000008s ]
INFO: [ app_init ] --END-- [ RunTime:0.000061s ]

[ 2017-09-16T22:23:27+08:00 ] 183.6.109.13 /ACM/official/lost_found/Public/Upload/thumb/59bd10b1a90b0.png
INFO: [ app_init ] --START--
INFO: Run Behavior\BuildLiteBehavior [ RunTime:0.000009s ]
INFO: [ app_init ] --END-- [ RunTime:0.000057s ]

[ 2017-09-16T22:23:40+08:00 ] 183.6.109.13 /ACM/official/lost_found/Public/Upload/thumb/59bd10b1a90b0.png
INFO: [ app_init ] --START--
INFO: Run Behavior\BuildLiteBehavior [ RunTime:0.000008s ]
INFO: [ app_init ] --END-- [ RunTime:0.000050s ]

[ 2017-09-16T22:23:57+08:00 ] 183.6.109.13 /ACM/official/lost_found/Public/Upload/thumb/59bd10b1a90b0.png
INFO: [ app_init ] --START--
INFO: Run Behavior\BuildLiteBehavior [ RunTime:0.000009s ]
INFO: [ app_init ] --END-- [ RunTime:0.000076s ]

[ 2017-09-16T22:26:35+08:00 ] 183.6.109.13 /ACM/official/lost_found/Public/Upload/thumb/59bd10b1a90b0.png
INFO: [ app_init ] --START--
INFO: Run Behavior\BuildLiteBehavior [ RunTime:0.000010s ]
INFO: [ app_init ] --END-- [ RunTime:0.000069s ]

[ 2017-09-16T22:31:39+08:00 ] 183.6.109.13 /ACM/official/lost_found/Public/Upload/thumb/59bd10b1a90b0.png
INFO: [ app_init ] --START--
INFO: Run Behavior\BuildLiteBehavior [ RunTime:0.000008s ]
INFO: [ app_init ] --END-- [ RunTime:0.000055s ]

[ 2017-09-16T22:33:51+08:00 ] 183.6.109.13 /ACM/official/lost_found/Public/Upload/thumb/59bd10b1a90b0.png
INFO: [ app_init ] --START--
INFO: Run Behavior\BuildLiteBehavior [ RunTime:0.000008s ]
INFO: [ app_init ] --END-- [ RunTime:0.000056s ]

[ 2017-09-16T22:35:57+08:00 ] 183.6.109.13 /ACM/official/lost_found/Public/Upload/thumb/59bd10b1a90b0.png
INFO: [ app_init ] --START--
INFO: Run Behavior\BuildLiteBehavior [ RunTime:0.000007s ]
INFO: [ app_init ] --END-- [ RunTime:0.000052s ]

[ 2017-09-16T22:38:46+08:00 ] 183.6.109.13 /ACM/official/lost_found/Public/Upload/thumb/59bd10b1a90b0.png
INFO: [ app_init ] --START--
INFO: Run Behavior\BuildLiteBehavior [ RunTime:0.000007s ]
INFO: [ app_init ] --END-- [ RunTime:0.000047s ]

[ 2017-09-16T22:39:39+08:00 ] 183.6.109.13 /ACM/official/lost_found/Public/Upload/thumb/59bd10b1a90b0.png
INFO: [ app_init ] --START--
INFO: Run Behavior\BuildLiteBehavior [ RunTime:0.000009s ]
INFO: [ app_init ] --END-- [ RunTime:0.000061s ]

[ 2017-09-16T22:42:26+08:00 ] 183.6.109.13 /ACM/official/lost_found/Public/Upload/thumb/59bd10b1a90b0.png
INFO: [ app_init ] --START--
INFO: Run Behavior\BuildLiteBehavior [ RunTime:0.000008s ]
INFO: [ app_init ] --END-- [ RunTime:0.000047s ]

[ 2017-09-16T22:45:08+08:00 ] 183.6.109.13 /ACM/official/lost_found/Public/Upload/thumb/59bd10b1a90b0.png
INFO: [ app_init ] --START--
INFO: Run Behavior\BuildLiteBehavior [ RunTime:0.000008s ]
INFO: [ app_init ] --END-- [ RunTime:0.000061s ]

[ 2017-09-16T22:45:56+08:00 ] 183.6.109.13 /ACM/official/lost_found/Public/Upload/thumb/59bd10b1a90b0.png
INFO: [ app_init ] --START--
INFO: Run Behavior\BuildLiteBehavior [ RunTime:0.000009s ]
INFO: [ app_init ] --END-- [ RunTime:0.000060s ]

[ 2017-09-16T22:46:50+08:00 ] 183.6.109.13 /ACM/official/lost_found/Public/Upload/thumb/59bd10b1a90b0.png
INFO: [ app_init ] --START--
INFO: Run Behavior\BuildLiteBehavior [ RunTime:0.000009s ]
INFO: [ app_init ] --END-- [ RunTime:0.000063s ]

[ 2017-09-16T22:47:11+08:00 ] 183.6.109.13 /ACM/official/lost_found/Public/Upload/thumb/59bd10b1a90b0.png
INFO: [ app_init ] --START--
INFO: Run Behavior\BuildLiteBehavior [ RunTime:0.000009s ]
INFO: [ app_init ] --END-- [ RunTime:0.000060s ]

[ 2017-09-16T22:47:40+08:00 ] 183.6.109.13 /ACM/official/lost_found/Public/Upload/thumb/59bd10b1a90b0.png
INFO: [ app_init ] --START--
INFO: Run Behavior\BuildLiteBehavior [ RunTime:0.000009s ]
INFO: [ app_init ] --END-- [ RunTime:0.000061s ]

[ 2017-09-16T22:50:26+08:00 ] 183.6.109.13 /ACM/official/lost_found/Public/Upload/thumb/59bd10b1a90b0.png
INFO: [ app_init ] --START--
INFO: Run Behavior\BuildLiteBehavior [ RunTime:0.000009s ]
INFO: [ app_init ] --END-- [ RunTime:0.000057s ]

[ 2017-09-16T22:51:26+08:00 ] 183.6.109.13 /ACM/official/lost_found/Public/Upload/thumb/59bd10b1a90b0.png
INFO: [ app_init ] --START--
INFO: Run Behavior\BuildLiteBehavior [ RunTime:0.000008s ]
INFO: [ app_init ] --END-- [ RunTime:0.000054s ]

[ 2017-09-16T22:51:41+08:00 ] 183.6.109.13 /ACM/official/lost_found/Public/Upload/thumb/59bd10b1a90b0.png
INFO: [ app_init ] --START--
INFO: Run Behavior\BuildLiteBehavior [ RunTime:0.000008s ]
INFO: [ app_init ] --END-- [ RunTime:0.000050s ]

[ 2017-09-16T22:51:46+08:00 ] 183.6.109.13 /ACM/official/lost_found/Public/Upload/thumb/59bd10b1a90b0.png
INFO: [ app_init ] --START--
INFO: Run Behavior\BuildLiteBehavior [ RunTime:0.000009s ]
INFO: [ app_init ] --END-- [ RunTime:0.000059s ]

[ 2017-09-16T22:52:02+08:00 ] 183.6.109.13 /ACM/official/lost_found/Public/Upload/thumb/59bd10b1a90b0.png
INFO: [ app_init ] --START--
INFO: Run Behavior\BuildLiteBehavior [ RunTime:0.000009s ]
INFO: [ app_init ] --END-- [ RunTime:0.000058s ]

[ 2017-09-16T22:52:12+08:00 ] 183.6.109.13 /ACM/official/lost_found/Public/Upload/thumb/59bd10b1a90b0.png
INFO: [ app_init ] --START--
INFO: Run Behavior\BuildLiteBehavior [ RunTime:0.000009s ]
INFO: [ app_init ] --END-- [ RunTime:0.000059s ]

[ 2017-09-16T22:56:26+08:00 ] 183.6.109.13 /ACM/official/lost_found/Public/Upload/thumb/59bd10b1a90b0.png
INFO: [ app_init ] --START--
INFO: Run Behavior\BuildLiteBehavior [ RunTime:0.000009s ]
INFO: [ app_init ] --END-- [ RunTime:0.000056s ]

[ 2017-09-16T22:57:33+08:00 ] 183.6.109.13 /ACM/official/lost_found/Public/Upload/thumb/59bd10b1a90b0.png
INFO: [ app_init ] --START--
INFO: Run Behavior\BuildLiteBehavior [ RunTime:0.000008s ]
INFO: [ app_init ] --END-- [ RunTime:0.000052s ]

[ 2017-09-16T22:58:33+08:00 ] 183.6.109.13 /ACM/official/lost_found/Public/Upload/thumb/59bd10b1a90b0.png
INFO: [ app_init ] --START--
INFO: Run Behavior\BuildLiteBehavior [ RunTime:0.000008s ]
INFO: [ app_init ] --END-- [ RunTime:0.000056s ]

[ 2017-09-16T23:00:55+08:00 ] 183.6.109.13 /ACM/official/lost_found/Public/Upload/thumb/59bd10b1a90b0.png
INFO: [ app_init ] --START--
INFO: Run Behavior\BuildLiteBehavior [ RunTime:0.000009s ]
INFO: [ app_init ] --END-- [ RunTime:0.000059s ]

[ 2017-09-16T23:01:15+08:00 ] 183.6.109.13 /ACM/official/lost_found/Public/Upload/thumb/59bd10b1a90b0.png
INFO: [ app_init ] --START--
INFO: Run Behavior\BuildLiteBehavior [ RunTime:0.000008s ]
INFO: [ app_init ] --END-- [ RunTime:0.000052s ]

[ 2017-09-16T23:03:15+08:00 ] 183.6.109.13 /ACM/official/lost_found/Public/Upload/thumb/59bd10b1a90b0.png
INFO: [ app_init ] --START--
INFO: Run Behavior\BuildLiteBehavior [ RunTime:0.000009s ]
INFO: [ app_init ] --END-- [ RunTime:0.000057s ]

[ 2017-09-16T23:03:30+08:00 ] 183.6.109.13 /ACM/official/lost_found/Public/Upload/thumb/59bd10b1a90b0.png
INFO: [ app_init ] --START--
INFO: Run Behavior\BuildLiteBehavior [ RunTime:0.000007s ]
INFO: [ app_init ] --END-- [ RunTime:0.000052s ]

[ 2017-09-16T23:03:49+08:00 ] 183.6.109.13 /ACM/official/lost_found/Public/Upload/thumb/59bd10b1a90b0.png
INFO: [ app_init ] --START--
INFO: Run Behavior\BuildLiteBehavior [ RunTime:0.000007s ]
INFO: [ app_init ] --END-- [ RunTime:0.000053s ]

[ 2017-09-16T23:03:51+08:00 ] 183.6.109.13 /ACM/official/lost_found/Public/Upload/thumb/59bd10b1a90b0.png
INFO: [ app_init ] --START--
INFO: Run Behavior\BuildLiteBehavior [ RunTime:0.000013s ]
INFO: [ app_init ] --END-- [ RunTime:0.000078s ]

[ 2017-09-16T23:04:05+08:00 ] 183.6.109.13 /ACM/official/lost_found/Public/Upload/thumb/59bd10b1a90b0.png
INFO: [ app_init ] --START--
INFO: Run Behavior\BuildLiteBehavior [ RunTime:0.000009s ]
INFO: [ app_init ] --END-- [ RunTime:0.000060s ]

[ 2017-09-16T23:04:42+08:00 ] 183.6.109.13 /ACM/official/lost_found/Public/Upload/thumb/59bd10b1a90b0.png
INFO: [ app_init ] --START--
INFO: Run Behavior\BuildLiteBehavior [ RunTime:0.000009s ]
INFO: [ app_init ] --END-- [ RunTime:0.000056s ]

[ 2017-09-16T23:06:19+08:00 ] 183.6.109.13 /ACM/official/lost_found/Public/Upload/thumb/59bd10b1a90b0.png
INFO: [ app_init ] --START--
INFO: Run Behavior\BuildLiteBehavior [ RunTime:0.000009s ]
INFO: [ app_init ] --END-- [ RunTime:0.000059s ]

[ 2017-09-16T23:06:56+08:00 ] 183.6.109.13 /ACM/official/lost_found/Public/Upload/thumb/59bd10b1a90b0.png
INFO: [ app_init ] --START--
INFO: Run Behavior\BuildLiteBehavior [ RunTime:0.000009s ]
INFO: [ app_init ] --END-- [ RunTime:0.000061s ]

[ 2017-09-16T23:08:01+08:00 ] 183.6.109.13 /ACM/official/lost_found/Public/Upload/thumb/59bd10b1a90b0.png
INFO: [ app_init ] --START--
INFO: Run Behavior\BuildLiteBehavior [ RunTime:0.000011s ]
INFO: [ app_init ] --END-- [ RunTime:0.000071s ]

[ 2017-09-16T23:08:29+08:00 ] 183.6.109.13 /ACM/official/lost_found/Public/Upload/thumb/59bd10b1a90b0.png
INFO: [ app_init ] --START--
INFO: Run Behavior\BuildLiteBehavior [ RunTime:0.000009s ]
INFO: [ app_init ] --END-- [ RunTime:0.000059s ]

[ 2017-09-16T23:08:51+08:00 ] 183.6.109.13 /ACM/official/lost_found/Public/Upload/thumb/59bd10b1a90b0.png
INFO: [ app_init ] --START--
INFO: Run Behavior\BuildLiteBehavior [ RunTime:0.000009s ]
INFO: [ app_init ] --END-- [ RunTime:0.000060s ]

[ 2017-09-16T23:09:00+08:00 ] 183.6.109.13 /ACM/official/lost_found/Public/Upload/thumb/59bd10b1a90b0.png
INFO: [ app_init ] --START--
INFO: Run Behavior\BuildLiteBehavior [ RunTime:0.000009s ]
INFO: [ app_init ] --END-- [ RunTime:0.000059s ]

[ 2017-09-16T23:09:13+08:00 ] 183.6.109.13 /ACM/official/lost_found/Public/Upload/thumb/59bd10b1a90b0.png
INFO: [ app_init ] --START--
INFO: Run Behavior\BuildLiteBehavior [ RunTime:0.000008s ]
INFO: [ app_init ] --END-- [ RunTime:0.000051s ]

[ 2017-09-16T23:10:16+08:00 ] 183.6.109.13 /ACM/official/lost_found/Public/Upload/thumb/59bd10b1a90b0.png
INFO: [ app_init ] --START--
INFO: Run Behavior\BuildLiteBehavior [ RunTime:0.000009s ]
INFO: [ app_init ] --END-- [ RunTime:0.000058s ]

[ 2017-09-16T23:10:22+08:00 ] 183.6.109.13 /ACM/official/lost_found/Public/Upload/thumb/59bd10b1a90b0.png
INFO: [ app_init ] --START--
INFO: Run Behavior\BuildLiteBehavior [ RunTime:0.000009s ]
INFO: [ app_init ] --END-- [ RunTime:0.000059s ]

[ 2017-09-16T23:11:22+08:00 ] 183.6.109.13 /ACM/official/lost_found/Public/Upload/thumb/59bd10b1a90b0.png
INFO: [ app_init ] --START--
INFO: Run Behavior\BuildLiteBehavior [ RunTime:0.000007s ]
INFO: [ app_init ] --END-- [ RunTime:0.000051s ]

[ 2017-09-16T23:11:29+08:00 ] 183.6.109.13 /ACM/official/lost_found/Public/Upload/thumb/59bd10b1a90b0.png
INFO: [ app_init ] --START--
INFO: Run Behavior\BuildLiteBehavior [ RunTime:0.000010s ]
INFO: [ app_init ] --END-- [ RunTime:0.000060s ]

[ 2017-09-16T23:11:35+08:00 ] 183.6.109.13 /ACM/official/lost_found/Public/Upload/thumb/59bd10b1a90b0.png
INFO: [ app_init ] --START--
INFO: Run Behavior\BuildLiteBehavior [ RunTime:0.000009s ]
INFO: [ app_init ] --END-- [ RunTime:0.000056s ]

[ 2017-09-16T23:13:29+08:00 ] 183.6.109.13 /ACM/official/lost_found/Public/Upload/thumb/59bd10b1a90b0.png
INFO: [ app_init ] --START--
INFO: Run Behavior\BuildLiteBehavior [ RunTime:0.000009s ]
INFO: [ app_init ] --END-- [ RunTime:0.000058s ]

[ 2017-09-16T23:15:46+08:00 ] 183.6.109.13 /ACM/official/lost_found/Public/Upload/thumb/59bd10b1a90b0.png
INFO: [ app_init ] --START--
INFO: Run Behavior\BuildLiteBehavior [ RunTime:0.000009s ]
INFO: [ app_init ] --END-- [ RunTime:0.000059s ]

[ 2017-09-16T23:15:47+08:00 ] 183.6.109.13 /ACM/official/lost_found/Public/Upload/thumb/59bd10b1a90b0.png
INFO: [ app_init ] --START--
INFO: Run Behavior\BuildLiteBehavior [ RunTime:0.000008s ]
INFO: [ app_init ] --END-- [ RunTime:0.000058s ]

[ 2017-09-16T23:16:58+08:00 ] 183.6.109.13 /ACM/official/lost_found/Public/Upload/thumb/59bd10b1a90b0.png
INFO: [ app_init ] --START--
INFO: Run Behavior\BuildLiteBehavior [ RunTime:0.000009s ]
INFO: [ app_init ] --END-- [ RunTime:0.000057s ]

[ 2017-09-16T23:17:00+08:00 ] 183.6.109.13 /ACM/official/lost_found/Public/Upload/thumb/59bd10b1a90b0.png
INFO: [ app_init ] --START--
INFO: Run Behavior\BuildLiteBehavior [ RunTime:0.000009s ]
INFO: [ app_init ] --END-- [ RunTime:0.000059s ]

[ 2017-09-16T23:17:04+08:00 ] 183.6.109.13 /ACM/official/lost_found/Public/Upload/thumb/59bd10b1a90b0.png
INFO: [ app_init ] --START--
INFO: Run Behavior\BuildLiteBehavior [ RunTime:0.000009s ]
INFO: [ app_init ] --END-- [ RunTime:0.000058s ]

[ 2017-09-16T23:17:12+08:00 ] 183.6.109.13 /ACM/official/lost_found/Public/Upload/thumb/59bd10b1a90b0.png
INFO: [ app_init ] --START--
INFO: Run Behavior\BuildLiteBehavior [ RunTime:0.000011s ]
INFO: [ app_init ] --END-- [ RunTime:0.000071s ]

[ 2017-09-16T23:17:15+08:00 ] 183.6.109.13 /ACM/official/lost_found/Public/Upload/thumb/59bd10b1a90b0.png
INFO: [ app_init ] --START--
INFO: Run Behavior\BuildLiteBehavior [ RunTime:0.000011s ]
INFO: [ app_init ] --END-- [ RunTime:0.000064s ]

[ 2017-09-16T23:17:18+08:00 ] 183.6.109.13 /ACM/official/lost_found/Public/Upload/thumb/59bd10b1a90b0.png
INFO: [ app_init ] --START--
INFO: Run Behavior\BuildLiteBehavior [ RunTime:0.000009s ]
INFO: [ app_init ] --END-- [ RunTime:0.000092s ]

[ 2017-09-16T23:17:20+08:00 ] 183.6.109.13 /ACM/official/lost_found/Public/Upload/thumb/59bd10b1a90b0.png
INFO: [ app_init ] --START--
INFO: Run Behavior\BuildLiteBehavior [ RunTime:0.000009s ]
INFO: [ app_init ] --END-- [ RunTime:0.000060s ]

[ 2017-09-16T23:17:56+08:00 ] 183.6.109.13 /ACM/official/lost_found/Public/Upload/thumb/59bd10b1a90b0.png
INFO: [ app_init ] --START--
INFO: Run Behavior\BuildLiteBehavior [ RunTime:0.000009s ]
INFO: [ app_init ] --END-- [ RunTime:0.000060s ]

[ 2017-09-16T23:18:37+08:00 ] 183.6.109.13 /ACM/official/lost_found/Public/Upload/thumb/59bd10b1a90b0.png
INFO: [ app_init ] --START--
INFO: Run Behavior\BuildLiteBehavior [ RunTime:0.000009s ]
INFO: [ app_init ] --END-- [ RunTime:0.000058s ]

[ 2017-09-16T23:19:13+08:00 ] 183.6.109.13 /ACM/official/lost_found/Public/Upload/thumb/59bd10b1a90b0.png
INFO: [ app_init ] --START--
INFO: Run Behavior\BuildLiteBehavior [ RunTime:0.000009s ]
INFO: [ app_init ] --END-- [ RunTime:0.000058s ]

[ 2017-09-16T23:20:22+08:00 ] 183.6.109.13 /ACM/official/lost_found/Public/Upload/thumb/59bd10b1a90b0.png
INFO: [ app_init ] --START--
INFO: Run Behavior\BuildLiteBehavior [ RunTime:0.000008s ]
INFO: [ app_init ] --END-- [ RunTime:0.000056s ]

[ 2017-09-16T23:20:40+08:00 ] 183.6.109.13 /ACM/official/lost_found/Public/Upload/thumb/59bd10b1a90b0.png
INFO: [ app_init ] --START--
INFO: Run Behavior\BuildLiteBehavior [ RunTime:0.000007s ]
INFO: [ app_init ] --END-- [ RunTime:0.000047s ]

[ 2017-09-16T23:22:55+08:00 ] 183.6.109.13 /ACM/official/lost_found/Public/Upload/thumb/59bd10b1a90b0.png
INFO: [ app_init ] --START--
INFO: Run Behavior\BuildLiteBehavior [ RunTime:0.000008s ]
INFO: [ app_init ] --END-- [ RunTime:0.000057s ]

[ 2017-09-16T23:22:57+08:00 ] 183.6.109.13 /ACM/official/lost_found/Public/Upload/thumb/59bd10b1a90b0.png
INFO: [ app_init ] --START--
INFO: Run Behavior\BuildLiteBehavior [ RunTime:0.000010s ]
INFO: [ app_init ] --END-- [ RunTime:0.000068s ]

[ 2017-09-16T23:25:04+08:00 ] 183.6.109.13 /ACM/official/lost_found/Public/Upload/thumb/59bd10b1a90b0.png
INFO: [ app_init ] --START--
INFO: Run Behavior\BuildLiteBehavior [ RunTime:0.000009s ]
INFO: [ app_init ] --END-- [ RunTime:0.000059s ]

[ 2017-09-16T23:25:15+08:00 ] 183.6.109.13 /ACM/official/lost_found/Public/Upload/thumb/59bd10b1a90b0.png
INFO: [ app_init ] --START--
INFO: Run Behavior\BuildLiteBehavior [ RunTime:0.000009s ]
INFO: [ app_init ] --END-- [ RunTime:0.000060s ]

[ 2017-09-16T23:26:14+08:00 ] 183.6.109.13 /ACM/official/lost_found/Public/Upload/thumb/59bd10b1a90b0.png
INFO: [ app_init ] --START--
INFO: Run Behavior\BuildLiteBehavior [ RunTime:0.000009s ]
INFO: [ app_init ] --END-- [ RunTime:0.000056s ]

[ 2017-09-16T23:26:16+08:00 ] 183.6.109.13 /ACM/official/lost_found/Public/Upload/thumb/59bd10b1a90b0.png
INFO: [ app_init ] --START--
INFO: Run Behavior\BuildLiteBehavior [ RunTime:0.000009s ]
INFO: [ app_init ] --END-- [ RunTime:0.000058s ]

[ 2017-09-16T23:26:23+08:00 ] 183.6.109.13 /ACM/official/lost_found/Public/Upload/thumb/59bd10b1a90b0.png
INFO: [ app_init ] --START--
INFO: Run Behavior\BuildLiteBehavior [ RunTime:0.000007s ]
INFO: [ app_init ] --END-- [ RunTime:0.000043s ]

[ 2017-09-16T23:26:26+08:00 ] 183.6.109.13 /ACM/official/lost_found/Public/Upload/thumb/59bd10b1a90b0.png
INFO: [ app_init ] --START--
INFO: Run Behavior\BuildLiteBehavior [ RunTime:0.000007s ]
INFO: [ app_init ] --END-- [ RunTime:0.000048s ]

[ 2017-09-16T23:26:36+08:00 ] 183.6.109.13 /ACM/official/lost_found/Public/Upload/thumb/59bd10b1a90b0.png
INFO: [ app_init ] --START--
INFO: Run Behavior\BuildLiteBehavior [ RunTime:0.000012s ]
INFO: [ app_init ] --END-- [ RunTime:0.000075s ]

[ 2017-09-16T23:26:41+08:00 ] 183.6.109.13 /ACM/official/lost_found/Public/Upload/thumb/59bd10b1a90b0.png
INFO: [ app_init ] --START--
INFO: Run Behavior\BuildLiteBehavior [ RunTime:0.000009s ]
INFO: [ app_init ] --END-- [ RunTime:0.000058s ]

[ 2017-09-16T23:27:13+08:00 ] 183.6.109.13 /ACM/official/lost_found/Public/Upload/thumb/59bd10b1a90b0.png
INFO: [ app_init ] --START--
INFO: Run Behavior\BuildLiteBehavior [ RunTime:0.000011s ]
INFO: [ app_init ] --END-- [ RunTime:0.000072s ]

[ 2017-09-16T23:28:53+08:00 ] 183.6.109.13 /ACM/official/lost_found/Public/Upload/thumb/59bd10b1a90b0.png
INFO: [ app_init ] --START--
INFO: Run Behavior\BuildLiteBehavior [ RunTime:0.000009s ]
INFO: [ app_init ] --END-- [ RunTime:0.000057s ]

[ 2017-09-16T23:29:05+08:00 ] 183.6.109.13 /ACM/official/lost_found/Public/Upload/thumb/59bd10b1a90b0.png
INFO: [ app_init ] --START--
INFO: Run Behavior\BuildLiteBehavior [ RunTime:0.000009s ]
INFO: [ app_init ] --END-- [ RunTime:0.000061s ]

[ 2017-09-16T23:29:12+08:00 ] 183.6.109.13 /ACM/official/lost_found/Public/Upload/thumb/59bd10b1a90b0.png
INFO: [ app_init ] --START--
INFO: Run Behavior\BuildLiteBehavior [ RunTime:0.000009s ]
INFO: [ app_init ] --END-- [ RunTime:0.000058s ]

[ 2017-09-16T23:30:35+08:00 ] 183.6.109.13 /ACM/official/lost_found/Public/Upload/thumb/59bd10b1a90b0.png
INFO: [ app_init ] --START--
INFO: Run Behavior\BuildLiteBehavior [ RunTime:0.000009s ]
INFO: [ app_init ] --END-- [ RunTime:0.000058s ]

[ 2017-09-16T23:30:47+08:00 ] 183.6.109.13 /ACM/official/lost_found/Public/Upload/thumb/59bd10b1a90b0.png
INFO: [ app_init ] --START--
INFO: Run Behavior\BuildLiteBehavior [ RunTime:0.000008s ]
INFO: [ app_init ] --END-- [ RunTime:0.000058s ]

[ 2017-09-16T23:30:50+08:00 ] 183.6.109.13 /ACM/official/lost_found/Public/Upload/thumb/59bd10b1a90b0.png
INFO: [ app_init ] --START--
INFO: Run Behavior\BuildLiteBehavior [ RunTime:0.000010s ]
INFO: [ app_init ] --END-- [ RunTime:0.000058s ]

[ 2017-09-16T23:30:57+08:00 ] 183.6.109.13 /ACM/official/lost_found/Public/Upload/thumb/59bd10b1a90b0.png
INFO: [ app_init ] --START--
INFO: Run Behavior\BuildLiteBehavior [ RunTime:0.000009s ]
INFO: [ app_init ] --END-- [ RunTime:0.000059s ]

[ 2017-09-16T23:31:00+08:00 ] 183.6.109.13 /ACM/official/lost_found/Public/Upload/thumb/59bd10b1a90b0.png
INFO: [ app_init ] --START--
INFO: Run Behavior\BuildLiteBehavior [ RunTime:0.000008s ]
INFO: [ app_init ] --END-- [ RunTime:0.000063s ]

[ 2017-09-16T23:31:03+08:00 ] 183.6.109.13 /ACM/official/lost_found/Public/Upload/thumb/59bd10b1a90b0.png
INFO: [ app_init ] --START--
INFO: Run Behavior\BuildLiteBehavior [ RunTime:0.000011s ]
INFO: [ app_init ] --END-- [ RunTime:0.000064s ]

[ 2017-09-16T23:31:06+08:00 ] 183.6.109.13 /ACM/official/lost_found/Public/Upload/thumb/59bd10b1a90b0.png
INFO: [ app_init ] --START--
INFO: Run Behavior\BuildLiteBehavior [ RunTime:0.000009s ]
INFO: [ app_init ] --END-- [ RunTime:0.000055s ]

[ 2017-09-16T23:31:10+08:00 ] 183.6.109.13 /ACM/official/lost_found/Public/Upload/thumb/59bd10b1a90b0.png
INFO: [ app_init ] --START--
INFO: Run Behavior\BuildLiteBehavior [ RunTime:0.000009s ]
INFO: [ app_init ] --END-- [ RunTime:0.000058s ]

[ 2017-09-16T23:31:11+08:00 ] 183.6.109.13 /ACM/official/lost_found/Public/Upload/thumb/59bd10b1a90b0.png
INFO: [ app_init ] --START--
INFO: Run Behavior\BuildLiteBehavior [ RunTime:0.000010s ]
INFO: [ app_init ] --END-- [ RunTime:0.000063s ]

[ 2017-09-16T23:31:11+08:00 ] 183.6.109.13 /ACM/official/lost_found/Public/Upload/thumb/59bd10b1a90b0.png
INFO: [ app_init ] --START--
INFO: Run Behavior\BuildLiteBehavior [ RunTime:0.000009s ]
INFO: [ app_init ] --END-- [ RunTime:0.000088s ]

[ 2017-09-16T23:31:21+08:00 ] 183.6.109.13 /ACM/official/lost_found/Public/Upload/thumb/59bd10b1a90b0.png
INFO: [ app_init ] --START--
INFO: Run Behavior\BuildLiteBehavior [ RunTime:0.000008s ]
INFO: [ app_init ] --END-- [ RunTime:0.000051s ]

[ 2017-09-16T23:31:22+08:00 ] 183.6.109.13 /ACM/official/lost_found/Public/Upload/thumb/59bd10b1a90b0.png
INFO: [ app_init ] --START--
INFO: Run Behavior\BuildLiteBehavior [ RunTime:0.000009s ]
INFO: [ app_init ] --END-- [ RunTime:0.000057s ]

[ 2017-09-16T23:31:23+08:00 ] 183.6.109.13 /ACM/official/lost_found/Public/Upload/thumb/59bd10b1a90b0.png
INFO: [ app_init ] --START--
INFO: Run Behavior\BuildLiteBehavior [ RunTime:0.000009s ]
INFO: [ app_init ] --END-- [ RunTime:0.000059s ]

[ 2017-09-16T23:31:28+08:00 ] 183.6.109.13 /ACM/official/lost_found/Public/Upload/thumb/59bd10b1a90b0.png
INFO: [ app_init ] --START--
INFO: Run Behavior\BuildLiteBehavior [ RunTime:0.000008s ]
INFO: [ app_init ] --END-- [ RunTime:0.000050s ]

[ 2017-09-16T23:31:34+08:00 ] 183.6.109.13 /ACM/official/lost_found/Public/Upload/thumb/59bd10b1a90b0.png
INFO: [ app_init ] --START--
INFO: Run Behavior\BuildLiteBehavior [ RunTime:0.000012s ]
INFO: [ app_init ] --END-- [ RunTime:0.000075s ]

[ 2017-09-16T23:32:19+08:00 ] 183.6.109.13 /ACM/official/lost_found/Public/Upload/thumb/59bd10b1a90b0.png
INFO: [ app_init ] --START--
INFO: Run Behavior\BuildLiteBehavior [ RunTime:0.000009s ]
INFO: [ app_init ] --END-- [ RunTime:0.000060s ]

[ 2017-09-16T23:35:06+08:00 ] 183.6.109.13 /ACM/official/lost_found/Public/Upload/thumb/59bd10b1a90b0.png
INFO: [ app_init ] --START--
INFO: Run Behavior\BuildLiteBehavior [ RunTime:0.000007s ]
INFO: [ app_init ] --END-- [ RunTime:0.000053s ]

[ 2017-09-16T23:35:20+08:00 ] 183.6.109.13 /ACM/official/lost_found/Public/Upload/thumb/59bd10b1a90b0.png
INFO: [ app_init ] --START--
INFO: Run Behavior\BuildLiteBehavior [ RunTime:0.000009s ]
INFO: [ app_init ] --END-- [ RunTime:0.000061s ]

[ 2017-09-16T23:35:32+08:00 ] 183.6.109.13 /ACM/official/lost_found/Public/Upload/thumb/59bd10b1a90b0.png
INFO: [ app_init ] --START--
INFO: Run Behavior\BuildLiteBehavior [ RunTime:0.000009s ]
INFO: [ app_init ] --END-- [ RunTime:0.000060s ]

[ 2017-09-16T23:35:35+08:00 ] 183.6.109.13 /ACM/official/lost_found/Public/Upload/thumb/59bd10b1a90b0.png
INFO: [ app_init ] --START--
INFO: Run Behavior\BuildLiteBehavior [ RunTime:0.000009s ]
INFO: [ app_init ] --END-- [ RunTime:0.000058s ]

[ 2017-09-16T23:35:44+08:00 ] 183.6.109.13 /ACM/official/lost_found/Public/Upload/thumb/59bd10b1a90b0.png
INFO: [ app_init ] --START--
INFO: Run Behavior\BuildLiteBehavior [ RunTime:0.000008s ]
INFO: [ app_init ] --END-- [ RunTime:0.000061s ]

[ 2017-09-16T23:35:58+08:00 ] 183.6.109.13 /ACM/official/lost_found/Public/Upload/thumb/59bd10b1a90b0.png
INFO: [ app_init ] --START--
INFO: Run Behavior\BuildLiteBehavior [ RunTime:0.000009s ]
INFO: [ app_init ] --END-- [ RunTime:0.000057s ]

[ 2017-09-16T23:36:01+08:00 ] 183.6.109.13 /ACM/official/lost_found/Public/Upload/thumb/59bd10b1a90b0.png
INFO: [ app_init ] --START--
INFO: Run Behavior\BuildLiteBehavior [ RunTime:0.000012s ]
INFO: [ app_init ] --END-- [ RunTime:0.000081s ]

[ 2017-09-16T23:42:04+08:00 ] 183.6.109.13 /ACM/official/lost_found/Public/Upload/thumb/59bd10b1a90b0.png
INFO: [ app_init ] --START--
INFO: Run Behavior\BuildLiteBehavior [ RunTime:0.000009s ]
INFO: [ app_init ] --END-- [ RunTime:0.000058s ]

[ 2017-09-16T23:42:10+08:00 ] 183.6.109.13 /ACM/official/lost_found/Public/Upload/thumb/59bd10b1a90b0.png
INFO: [ app_init ] --START--
INFO: Run Behavior\BuildLiteBehavior [ RunTime:0.000009s ]
INFO: [ app_init ] --END-- [ RunTime:0.000058s ]

[ 2017-09-16T23:43:06+08:00 ] 183.6.109.13 /ACM/official/lost_found/Public/res/nf.icon
INFO: [ app_init ] --START--
INFO: Run Behavior\BuildLiteBehavior [ RunTime:0.000010s ]
INFO: [ app_init ] --END-- [ RunTime:0.000060s ]
INFO: [ app_begin ] --START--
INFO: Run Behavior\ReadHtmlCacheBehavior [ RunTime:0.000021s ]
INFO: [ app_begin ] --END-- [ RunTime:0.000042s ]
ERR: 无法加载控制器:Res

[ 2017-09-16T23:46:15+08:00 ] 183.6.109.13 /ACM/official/lost_found/Public/Upload/thumb/59bd10b1a90b0.png
INFO: [ app_init ] --START--
INFO: Run Behavior\BuildLiteBehavior [ RunTime:0.000009s ]
INFO: [ app_init ] --END-- [ RunTime:0.000060s ]

[ 2017-09-16T23:51:41+08:00 ] 183.6.109.13 /ACM/official/lost_found/Public/Upload/thumb/59bd10b1a90b0.png
INFO: [ app_init ] --START--
INFO: Run Behavior\BuildLiteBehavior [ RunTime:0.000008s ]
INFO: [ app_init ] --END-- [ RunTime:0.000058s ]

[ 2017-09-16T23:52:35+08:00 ] 183.6.109.13 /ACM/official/lost_found/Public/Upload/thumb/59bd10b1a90b0.png
INFO: [ app_init ] --START--
INFO: Run Behavior\BuildLiteBehavior [ RunTime:0.000009s ]
INFO: [ app_init ] --END-- [ RunTime:0.000057s ]

[ 2017-09-16T23:53:58+08:00 ] 183.6.109.13 /ACM/official/lost_found/Public/Upload/thumb/59bd10b1a90b0.png
INFO: [ app_init ] --START--
INFO: Run Behavior\BuildLiteBehavior [ RunTime:0.000009s ]
INFO: [ app_init ] --END-- [ RunTime:0.000059s ]

[ 2017-09-16T23:54:03+08:00 ] 183.6.109.13 /ACM/official/lost_found/Public/Upload/thumb/59bd10b1a90b0.png
INFO: [ app_init ] --START--
INFO: Run Behavior\BuildLiteBehavior [ RunTime:0.000011s ]
INFO: [ app_init ] --END-- [ RunTime:0.000070s ]

[ 2017-09-16T23:54:03+08:00 ] 183.6.109.13 /ACM/official/lost_found/Public/Upload/thumb/59bd10b1a90b0.png
INFO: [ app_init ] --START--
INFO: Run Behavior\BuildLiteBehavior [ RunTime:0.000009s ]
INFO: [ app_init ] --END-- [ RunTime:0.000059s ]

[ 2017-09-16T23:54:07+08:00 ] 183.6.109.13 /ACM/official/lost_found/Public/Upload/thumb/59bd10b1a90b0.png
INFO: [ app_init ] --START--
INFO: Run Behavior\BuildLiteBehavior [ RunTime:0.000009s ]
INFO: [ app_init ] --END-- [ RunTime:0.000059s ]

[ 2017-09-16T23:54:09+08:00 ] 183.6.109.13 /ACM/official/lost_found/Public/Upload/thumb/59bd10b1a90b0.png
INFO: [ app_init ] --START--
INFO: Run Behavior\BuildLiteBehavior [ RunTime:0.000008s ]
INFO: [ app_init ] --END-- [ RunTime:0.000051s ]

[ 2017-09-16T23:57:16+08:00 ] 183.6.109.13 /ACM/official/lost_found/Public/Upload/thumb/59bd10b1a90b0.png
INFO: [ app_init ] --START--
INFO: Run Behavior\BuildLiteBehavior [ RunTime:0.000009s ]
INFO: [ app_init ] --END-- [ RunTime:0.000053s ]

